This file contains any messages produced by compilers while
running configure, to aid debugging if configure makes a mistake.

It was created by configure, which was
generated by GNU Autoconf 2.68.  Invocation command line was

  $ /home/bogdan/GWFax/faxgwiseWeb_NEW/httpd-2.2.20/srclib/pcre/configure --disable-option-checking --enable-proxy=shared --enable-proxy_wstunnel=shared --cache-file=/dev/null --srcdir=/home/bogdan/GWFax/faxgwiseWeb_NEW/httpd-2.2.20/srclib/pcre --prefix=/usr/local/apache2 --exec-prefix=/usr/local/apache2 --libdir=${prefix}/lib --includedir=/usr/local/apache2/include --bindir=${prefix}/bin

## --------- ##
## Platform. ##
## --------- ##

hostname = bogdanpc
uname -m = x86_64
uname -r = 3.8.0-44-generic
uname -s = Linux
uname -v = #66~precise1-Ubuntu SMP Tue Jul 15 04:01:04 UTC 2014

/usr/bin/uname -p = unknown
/bin/uname -X     = unknown

/bin/arch              = unknown
/usr/bin/arch -k       = unknown
/usr/convex/getsysinfo = unknown
/usr/bin/hostinfo      = unknown
/bin/machine           = unknown
/usr/bin/oslevel       = unknown
/bin/universe          = unknown

PATH: /usr/local/sbin
PATH: /usr/local/bin
PATH: /usr/sbin
PATH: /usr/bin
PATH: /sbin
PATH: /bin
PATH: /usr/games


## ----------- ##
## Core tests. ##
## ----------- ##

configure:2233: checking for gcc
configure:2260: result: gcc
configure:2489: checking for C compiler version
configure:2498: gcc --version >&5
gcc (Ubuntu/Linaro 4.6.4-1ubuntu1~12.04) 4.6.4
Copyright (C) 2011 Free Software Foundation, Inc.
This is free software; see the source for copying conditions.  There is NO
warranty; not even for MERCHANTABILITY or FITNESS FOR A PARTICULAR PURPOSE.

configure:2509: $? = 0
configure:2498: gcc -v >&5
Using built-in specs.
COLLECT_GCC=gcc
COLLECT_LTO_WRAPPER=/usr/lib/gcc/x86_64-linux-gnu/4.6/lto-wrapper
Target: x86_64-linux-gnu
Configured with: ../src/configure -v --with-pkgversion='Ubuntu/Linaro 4.6.4-1ubuntu1~12.04' --with-bugurl=file:///usr/share/doc/gcc-4.6/README.Bugs --enable-languages=c,c++,fortran,objc,obj-c++ --prefix=/usr --program-suffix=-4.6 --enable-shared --enable-linker-build-id --with-system-zlib --libexecdir=/usr/lib --without-included-gettext --enable-threads=posix --with-gxx-include-dir=/usr/include/c++/4.6 --libdir=/usr/lib --enable-nls --with-sysroot=/ --enable-clocale=gnu --enable-libstdcxx-debug --enable-libstdcxx-time=yes --enable-gnu-unique-object --enable-plugin --enable-objc-gc --disable-werror --with-arch-32=i686 --with-tune=generic --enable-checking=release --build=x86_64-linux-gnu --host=x86_64-linux-gnu --target=x86_64-linux-gnu
Thread model: posix
gcc version 4.6.4 (Ubuntu/Linaro 4.6.4-1ubuntu1~12.04) 
configure:2509: $? = 0
configure:2498: gcc -V >&5
gcc: error: unrecognized option '-V'
gcc: fatal error: no input files
compilation terminated.
configure:2509: $? = 4
configure:2498: gcc -qversion >&5
gcc: error: unrecognized option '-qversion'
gcc: fatal error: no input files
compilation terminated.
configure:2509: $? = 4
configure:2529: checking whether the C compiler works
configure:2551: gcc    conftest.c  >&5
configure:2555: $? = 0
configure:2603: result: yes
configure:2606: checking for C compiler default output file name
configure:2608: result: a.out
configure:2614: checking for suffix of executables
configure:2621: gcc -o conftest    conftest.c  >&5
configure:2625: $? = 0
configure:2647: result: 
configure:2669: checking whether we are cross compiling
configure:2677: gcc -o conftest    conftest.c  >&5
configure:2681: $? = 0
configure:2688: ./conftest
configure:2692: $? = 0
configure:2707: result: no
configure:2712: checking for suffix of object files
configure:2734: gcc -c   conftest.c >&5
configure:2738: $? = 0
configure:2759: result: o
configure:2763: checking whether we are using the GNU C compiler
configure:2782: gcc -c   conftest.c >&5
configure:2782: $? = 0
configure:2791: result: yes
configure:2800: checking whether gcc accepts -g
configure:2820: gcc -c -g  conftest.c >&5
configure:2820: $? = 0
configure:2861: result: yes
configure:2878: checking for gcc option to accept ISO C89
configure:2942: gcc  -c -g -O2  conftest.c >&5
configure:2942: $? = 0
configure:2955: result: none needed
configure:2983: checking how to run the C preprocessor
configure:3053: result: gcc -E
configure:3073: gcc -E  conftest.c
configure:3073: $? = 0
configure:3087: gcc -E  conftest.c
conftest.c:9:28: fatal error: ac_nonexistent.h: No such file or directory
compilation terminated.
configure:3087: $? = 1
configure: failed program was:
| /* confdefs.h */
| #define PACKAGE_NAME ""
| #define PACKAGE_TARNAME ""
| #define PACKAGE_VERSION ""
| #define PACKAGE_STRING ""
| #define PACKAGE_BUGREPORT ""
| #define PACKAGE_URL ""
| /* end confdefs.h.  */
| #include <ac_nonexistent.h>
configure:3116: checking for grep that handles long lines and -e
configure:3174: result: /bin/grep
configure:3179: checking for egrep
configure:3241: result: /bin/grep -E
configure:3246: checking for ANSI C header files
configure:3266: gcc -c -g -O2  conftest.c >&5
configure:3266: $? = 0
configure:3339: gcc -o conftest -g -O2   conftest.c  >&5
configure:3339: $? = 0
configure:3339: ./conftest
configure:3339: $? = 0
configure:3350: result: yes
configure:3363: checking for sys/types.h
configure:3363: gcc -c -g -O2  conftest.c >&5
configure:3363: $? = 0
configure:3363: result: yes
configure:3363: checking for sys/stat.h
configure:3363: gcc -c -g -O2  conftest.c >&5
configure:3363: $? = 0
configure:3363: result: yes
configure:3363: checking for stdlib.h
configure:3363: gcc -c -g -O2  conftest.c >&5
configure:3363: $? = 0
configure:3363: result: yes
configure:3363: checking for string.h
configure:3363: gcc -c -g -O2  conftest.c >&5
configure:3363: $? = 0
configure:3363: result: yes
configure:3363: checking for memory.h
configure:3363: gcc -c -g -O2  conftest.c >&5
configure:3363: $? = 0
configure:3363: result: yes
configure:3363: checking for strings.h
configure:3363: gcc -c -g -O2  conftest.c >&5
configure:3363: $? = 0
configure:3363: result: yes
configure:3363: checking for inttypes.h
configure:3363: gcc -c -g -O2  conftest.c >&5
configure:3363: $? = 0
configure:3363: result: yes
configure:3363: checking for stdint.h
configure:3363: gcc -c -g -O2  conftest.c >&5
configure:3363: $? = 0
configure:3363: result: yes
configure:3363: checking for unistd.h
configure:3363: gcc -c -g -O2  conftest.c >&5
configure:3363: $? = 0
configure:3363: result: yes
configure:3377: checking limits.h usability
configure:3377: gcc -c -g -O2  conftest.c >&5
configure:3377: $? = 0
configure:3377: result: yes
configure:3377: checking limits.h presence
configure:3377: gcc -E  conftest.c
configure:3377: $? = 0
configure:3377: result: yes
configure:3377: checking for limits.h
configure:3377: result: yes
configure:3389: checking for an ANSI C-conforming const
configure:3454: gcc -c -g -O2  conftest.c >&5
configure:3454: $? = 0
configure:3461: result: yes
configure:3469: checking for size_t
configure:3469: gcc -c -g -O2  conftest.c >&5
configure:3469: $? = 0
configure:3469: gcc -c -g -O2  conftest.c >&5
conftest.c: In function 'main':
conftest.c:56:21: error: expected expression before ')' token
configure:3469: $? = 1
configure: failed program was:
| /* confdefs.h */
| #define PACKAGE_NAME ""
| #define PACKAGE_TARNAME ""
| #define PACKAGE_VERSION ""
| #define PACKAGE_STRING ""
| #define PACKAGE_BUGREPORT ""
| #define PACKAGE_URL ""
| #define STDC_HEADERS 1
| #define HAVE_SYS_TYPES_H 1
| #define HAVE_SYS_STAT_H 1
| #define HAVE_STDLIB_H 1
| #define HAVE_STRING_H 1
| #define HAVE_MEMORY_H 1
| #define HAVE_STRINGS_H 1
| #define HAVE_INTTYPES_H 1
| #define HAVE_STDINT_H 1
| #define HAVE_UNISTD_H 1
| #define HAVE_LIMITS_H 1
| /* end confdefs.h.  */
| #include <stdio.h>
| #ifdef HAVE_SYS_TYPES_H
| # include <sys/types.h>
| #endif
| #ifdef HAVE_SYS_STAT_H
| # include <sys/stat.h>
| #endif
| #ifdef STDC_HEADERS
| # include <stdlib.h>
| # include <stddef.h>
| #else
| # ifdef HAVE_STDLIB_H
| #  include <stdlib.h>
| # endif
| #endif
| #ifdef HAVE_STRING_H
| # if !defined STDC_HEADERS && defined HAVE_MEMORY_H
| #  include <memory.h>
| # endif
| # include <string.h>
| #endif
| #ifdef HAVE_STRINGS_H
| # include <strings.h>
| #endif
| #ifdef HAVE_INTTYPES_H
| # include <inttypes.h>
| #endif
| #ifdef HAVE_STDINT_H
| # include <stdint.h>
| #endif
| #ifdef HAVE_UNISTD_H
| # include <unistd.h>
| #endif
| int
| main ()
| {
| if (sizeof ((size_t)))
| 	    return 0;
|   ;
|   return 0;
| }
configure:3469: result: yes
configure:3485: checking for bcopy
configure:3485: gcc -o conftest -g -O2   conftest.c  >&5
conftest.c:43:6: warning: conflicting types for built-in function 'bcopy' [enabled by default]
configure:3485: $? = 0
configure:3485: result: yes
configure:3485: checking for memmove
configure:3485: gcc -o conftest -g -O2   conftest.c  >&5
conftest.c:44:6: warning: conflicting types for built-in function 'memmove' [enabled by default]
configure:3485: $? = 0
configure:3485: result: yes
configure:3485: checking for strerror
configure:3485: gcc -o conftest -g -O2   conftest.c  >&5
configure:3485: $? = 0
configure:3485: result: yes
configure:3750: creating ./config.status

## ---------------------- ##
## Running config.status. ##
## ---------------------- ##

This file was extended by config.status, which was
generated by GNU Autoconf 2.68.  Invocation command line was

  CONFIG_FILES    = 
  CONFIG_HEADERS  = 
  CONFIG_LINKS    = 
  CONFIG_COMMANDS = 
  $ ./config.status 

on bogdanpc

config.status:843: creating Makefile
config.status:843: creating pcre.h
config.status:843: creating pcre-config
config.status:843: creating config.h
config.status:1027: executing default commands

## ---------------- ##
## Cache variables. ##
## ---------------- ##

ac_cv_c_compiler_gnu=yes
ac_cv_c_const=yes
ac_cv_env_CC_set=set
ac_cv_env_CC_value=gcc
ac_cv_env_CFLAGS_set=
ac_cv_env_CFLAGS_value=
ac_cv_env_CPPFLAGS_set=
ac_cv_env_CPPFLAGS_value=
ac_cv_env_CPP_set=set
ac_cv_env_CPP_value='gcc -E'
ac_cv_env_LDFLAGS_set=
ac_cv_env_LDFLAGS_value=
ac_cv_env_LIBS_set=
ac_cv_env_LIBS_value=
ac_cv_env_build_alias_set=
ac_cv_env_build_alias_value=
ac_cv_env_host_alias_set=
ac_cv_env_host_alias_value=
ac_cv_env_target_alias_set=
ac_cv_env_target_alias_value=
ac_cv_func_bcopy=yes
ac_cv_func_memmove=yes
ac_cv_func_strerror=yes
ac_cv_header_inttypes_h=yes
ac_cv_header_limits_h=yes
ac_cv_header_memory_h=yes
ac_cv_header_stdc=yes
ac_cv_header_stdint_h=yes
ac_cv_header_stdlib_h=yes
ac_cv_header_string_h=yes
ac_cv_header_strings_h=yes
ac_cv_header_sys_stat_h=yes
ac_cv_header_sys_types_h=yes
ac_cv_header_unistd_h=yes
ac_cv_objext=o
ac_cv_path_EGREP='/bin/grep -E'
ac_cv_path_GREP=/bin/grep
ac_cv_prog_CPP='gcc -E'
ac_cv_prog_ac_ct_CC=gcc
ac_cv_prog_cc_c89=
ac_cv_prog_cc_g=yes
ac_cv_type_size_t=yes

## ----------------- ##
## Output variables. ##
## ----------------- ##

BUILD_EXEEXT=''
BUILD_OBJEXT=''
CC='gcc'
CC_FOR_BUILD=''
CFLAGS='-g -O2'
CFLAGS_FOR_BUILD=''
CPP='gcc -E'
CPPFLAGS=''
DEFS='-DHAVE_CONFIG_H'
EBCDIC=''
ECHO_C=''
ECHO_N='-n'
ECHO_T=''
EGREP='/bin/grep -E'
EXEEXT=''
GREP='/bin/grep'
HAVE_MEMMOVE=''
HAVE_STRERROR=''
LDFLAGS=''
LIBOBJS=''
LIBS=''
LIBSUFFIX='la'
LIBTOOL='./libtool'
LINK_SIZE=''
LTLIBOBJS=''
MATCH_LIMIT=''
NEWLINE=''
NO_RECURSE=''
OBJEXT='o'
PACKAGE_BUGREPORT=''
PACKAGE_NAME=''
PACKAGE_STRING=''
PACKAGE_TARNAME=''
PACKAGE_URL=''
PACKAGE_VERSION=''
PATH_SEPARATOR=':'
PCRE_DATE='13-Sep-2004'
PCRE_LIB_VERSION='0:1:0'
PCRE_MAJOR='5'
PCRE_MINOR='0'
PCRE_POSIXLIB_VERSION='0:0:0'
PCRE_VERSION='5.0'
POSIX_MALLOC_THRESHOLD='-DPOSIX_MALLOC_THRESHOLD=10'
SHELL='/bin/bash'
UCP=''
UTF8=''
ac_ct_CC='gcc'
bindir='${prefix}/bin'
build_alias=''
datadir='${datarootdir}'
datarootdir='${prefix}/share'
docdir='${datarootdir}/doc/${PACKAGE}'
dvidir='${docdir}'
exec_prefix='/usr/local/apache2'
host_alias=''
htmldir='${docdir}'
includedir='/usr/local/apache2/include'
infodir='${datarootdir}/info'
libdir='${prefix}/lib'
libexecdir='${exec_prefix}/libexec'
localedir='${datarootdir}/locale'
localstatedir='${prefix}/var'
mandir='${datarootdir}/man'
oldincludedir='/usr/include'
pdfdir='${docdir}'
prefix='/usr/local/apache2'
program_transform_name='s,x,x,'
psdir='${docdir}'
sbindir='${exec_prefix}/sbin'
sharedstatedir='${prefix}/com'
sysconfdir='${prefix}/etc'
target_alias=''

## ----------- ##
## confdefs.h. ##
## ----------- ##

/* confdefs.h */
#define PACKAGE_NAME ""
#define PACKAGE_TARNAME ""
#define PACKAGE_VERSION ""
#define PACKAGE_STRING ""
#define PACKAGE_BUGREPORT ""
#define PACKAGE_URL ""
#define STDC_HEADERS 1
#define HAVE_SYS_TYPES_H 1
#define HAVE_SYS_STAT_H 1
#define HAVE_STDLIB_H 1
#define HAVE_STRING_H 1
#define HAVE_MEMORY_H 1
#define HAVE_STRINGS_H 1
#define HAVE_INTTYPES_H 1
#define HAVE_STDINT_H 1
#define HAVE_UNISTD_H 1
#define HAVE_LIMITS_H 1
#define HAVE_BCOPY 1
#define HAVE_MEMMOVE 1
#define HAVE_STRERROR 1

configure: exit 0
