This file contains any messages produced by compilers while
running configure, to aid debugging if configure makes a mistake.

It was created by configure, which was
generated by GNU Autoconf 2.68.  Invocation command line was

  $ ./configure --enable-proxy=shared --enable-proxy_wstunnel=shared

## --------- ##
## Platform. ##
## --------- ##

hostname = bogdanpc
uname -m = x86_64
uname -r = 3.8.0-44-generic
uname -s = Linux
uname -v = #66~precise1-Ubuntu SMP Tue Jul 15 04:01:04 UTC 2014

/usr/bin/uname -p = unknown
/bin/uname -X     = unknown

/bin/arch              = unknown
/usr/bin/arch -k       = unknown
/usr/convex/getsysinfo = unknown
/usr/bin/hostinfo      = unknown
/bin/machine           = unknown
/usr/bin/oslevel       = unknown
/bin/universe          = unknown

PATH: /usr/local/sbin
PATH: /usr/local/bin
PATH: /usr/sbin
PATH: /usr/bin
PATH: /sbin
PATH: /bin
PATH: /usr/games


## ----------- ##
## Core tests. ##
## ----------- ##

configure:2804: checking for chosen layout
configure:2806: result: Apache
configure:3609: checking for working mkdir -p
configure:3625: result: yes
configure:3640: checking build system type
configure:3654: result: x86_64-unknown-linux-gnu
configure:3674: checking host system type
configure:3687: result: x86_64-unknown-linux-gnu
configure:3707: checking target system type
configure:3720: result: x86_64-unknown-linux-gnu
configure:3791: checking for APR
configure:3870: result: reconfig
configure:4154: checking for APR-util
configure:4233: result: reconfig
configure:4486: checking for gcc
configure:4513: result: gcc
configure:4742: checking for C compiler version
configure:4751: gcc --version >&5
gcc (Ubuntu/Linaro 4.6.4-1ubuntu1~12.04) 4.6.4
Copyright (C) 2011 Free Software Foundation, Inc.
This is free software; see the source for copying conditions.  There is NO
warranty; not even for MERCHANTABILITY or FITNESS FOR A PARTICULAR PURPOSE.

configure:4762: $? = 0
configure:4751: gcc -v >&5
Using built-in specs.
COLLECT_GCC=gcc
COLLECT_LTO_WRAPPER=/usr/lib/gcc/x86_64-linux-gnu/4.6/lto-wrapper
Target: x86_64-linux-gnu
Configured with: ../src/configure -v --with-pkgversion='Ubuntu/Linaro 4.6.4-1ubuntu1~12.04' --with-bugurl=file:///usr/share/doc/gcc-4.6/README.Bugs --enable-languages=c,c++,fortran,objc,obj-c++ --prefix=/usr --program-suffix=-4.6 --enable-shared --enable-linker-build-id --with-system-zlib --libexecdir=/usr/lib --without-included-gettext --enable-threads=posix --with-gxx-include-dir=/usr/include/c++/4.6 --libdir=/usr/lib --enable-nls --with-sysroot=/ --enable-clocale=gnu --enable-libstdcxx-debug --enable-libstdcxx-time=yes --enable-gnu-unique-object --enable-plugin --enable-objc-gc --disable-werror --with-arch-32=i686 --with-tune=generic --enable-checking=release --build=x86_64-linux-gnu --host=x86_64-linux-gnu --target=x86_64-linux-gnu
Thread model: posix
gcc version 4.6.4 (Ubuntu/Linaro 4.6.4-1ubuntu1~12.04) 
configure:4762: $? = 0
configure:4751: gcc -V >&5
gcc: error: unrecognized option '-V'
gcc: fatal error: no input files
compilation terminated.
configure:4762: $? = 4
configure:4751: gcc -qversion >&5
gcc: error: unrecognized option '-qversion'
gcc: fatal error: no input files
compilation terminated.
configure:4762: $? = 4
configure:4782: checking whether the C compiler works
configure:4804: gcc  -g -O2 -pthread  -DLINUX -D_REENTRANT -D_GNU_SOURCE   conftest.c  >&5
configure:4808: $? = 0
configure:4856: result: yes
configure:4859: checking for C compiler default output file name
configure:4861: result: a.out
configure:4867: checking for suffix of executables
configure:4874: gcc -o conftest  -g -O2 -pthread  -DLINUX -D_REENTRANT -D_GNU_SOURCE   conftest.c  >&5
configure:4878: $? = 0
configure:4900: result: 
configure:4922: checking whether we are cross compiling
configure:4930: gcc -o conftest  -g -O2 -pthread  -DLINUX -D_REENTRANT -D_GNU_SOURCE   conftest.c  >&5
configure:4934: $? = 0
configure:4941: ./conftest
configure:4945: $? = 0
configure:4960: result: no
configure:4965: checking for suffix of object files
configure:4987: gcc -c  -g -O2 -pthread  -DLINUX -D_REENTRANT -D_GNU_SOURCE conftest.c >&5
configure:4991: $? = 0
configure:5012: result: o
configure:5016: checking whether we are using the GNU C compiler
configure:5035: gcc -c  -g -O2 -pthread  -DLINUX -D_REENTRANT -D_GNU_SOURCE conftest.c >&5
configure:5035: $? = 0
configure:5044: result: yes
configure:5053: checking whether gcc accepts -g
configure:5073: gcc -c -g  -DLINUX -D_REENTRANT -D_GNU_SOURCE conftest.c >&5
configure:5073: $? = 0
configure:5114: result: yes
configure:5131: checking for gcc option to accept ISO C89
configure:5195: gcc  -c  -g -O2 -pthread  -DLINUX -D_REENTRANT -D_GNU_SOURCE conftest.c >&5
configure:5195: $? = 0
configure:5208: result: none needed
configure:5233: checking how to run the C preprocessor
configure:5303: result: gcc -E
configure:5323: gcc -E  -DLINUX -D_REENTRANT -D_GNU_SOURCE conftest.c
configure:5323: $? = 0
configure:5337: gcc -E  -DLINUX -D_REENTRANT -D_GNU_SOURCE conftest.c
conftest.c:9:28: fatal error: ac_nonexistent.h: No such file or directory
compilation terminated.
configure:5337: $? = 1
configure: failed program was:
| /* confdefs.h */
| #define PACKAGE_NAME ""
| #define PACKAGE_TARNAME ""
| #define PACKAGE_VERSION ""
| #define PACKAGE_STRING ""
| #define PACKAGE_BUGREPORT ""
| #define PACKAGE_URL ""
| /* end confdefs.h.  */
| #include <ac_nonexistent.h>
configure:5484: Configuring PCRE regular expression library
configure:5967: checking for rm
configure:5985: found /bin/rm
configure:5997: result: /bin/rm
configure:6007: checking for pkg-config
configure:6040: result: no
configure:6047: checking for rsync
configure:6065: found /usr/bin/rsync
configure:6077: result: /usr/bin/rsync
configure:6089: checking for gawk
configure:6119: result: no
configure:6089: checking for mawk
configure:6105: found /usr/bin/mawk
configure:6116: result: mawk
configure:6127: checking whether ln -s works
configure:6131: result: yes
configure:6181: checking for ranlib
configure:6197: found /usr/bin/ranlib
configure:6208: result: ranlib
configure:6234: checking for lynx
configure:6264: result: no
configure:6234: checking for links
configure:6264: result: no
configure:6234: checking for elinks
configure:6264: result: no
configure:6289: checking for grep that handles long lines and -e
configure:6347: result: /bin/grep
configure:6352: checking for egrep
configure:6414: result: /bin/grep -E
configure:6419: checking for ANSI C header files
configure:6439: gcc -c  -g -O2 -pthread  -DLINUX -D_REENTRANT -D_GNU_SOURCE conftest.c >&5
configure:6439: $? = 0
configure:6512: gcc -o conftest  -g -O2 -pthread  -DLINUX -D_REENTRANT -D_GNU_SOURCE   conftest.c  >&5
configure:6512: $? = 0
configure:6512: ./conftest
configure:6512: $? = 0
configure:6523: result: yes
configure:6536: checking for sys/types.h
configure:6536: gcc -c  -g -O2 -pthread  -DLINUX -D_REENTRANT -D_GNU_SOURCE conftest.c >&5
configure:6536: $? = 0
configure:6536: result: yes
configure:6536: checking for sys/stat.h
configure:6536: gcc -c  -g -O2 -pthread  -DLINUX -D_REENTRANT -D_GNU_SOURCE conftest.c >&5
configure:6536: $? = 0
configure:6536: result: yes
configure:6536: checking for stdlib.h
configure:6536: gcc -c  -g -O2 -pthread  -DLINUX -D_REENTRANT -D_GNU_SOURCE conftest.c >&5
configure:6536: $? = 0
configure:6536: result: yes
configure:6536: checking for string.h
configure:6536: gcc -c  -g -O2 -pthread  -DLINUX -D_REENTRANT -D_GNU_SOURCE conftest.c >&5
configure:6536: $? = 0
configure:6536: result: yes
configure:6536: checking for memory.h
configure:6536: gcc -c  -g -O2 -pthread  -DLINUX -D_REENTRANT -D_GNU_SOURCE conftest.c >&5
configure:6536: $? = 0
configure:6536: result: yes
configure:6536: checking for strings.h
configure:6536: gcc -c  -g -O2 -pthread  -DLINUX -D_REENTRANT -D_GNU_SOURCE conftest.c >&5
configure:6536: $? = 0
configure:6536: result: yes
configure:6536: checking for inttypes.h
configure:6536: gcc -c  -g -O2 -pthread  -DLINUX -D_REENTRANT -D_GNU_SOURCE conftest.c >&5
configure:6536: $? = 0
configure:6536: result: yes
configure:6536: checking for stdint.h
configure:6536: gcc -c  -g -O2 -pthread  -DLINUX -D_REENTRANT -D_GNU_SOURCE conftest.c >&5
configure:6536: $? = 0
configure:6536: result: yes
configure:6536: checking for unistd.h
configure:6536: gcc -c  -g -O2 -pthread  -DLINUX -D_REENTRANT -D_GNU_SOURCE conftest.c >&5
configure:6536: $? = 0
configure:6536: result: yes
configure:6549: checking minix/config.h usability
configure:6549: gcc -c  -g -O2 -pthread  -DLINUX -D_REENTRANT -D_GNU_SOURCE conftest.c >&5
conftest.c:52:26: fatal error: minix/config.h: No such file or directory
compilation terminated.
configure:6549: $? = 1
configure: failed program was:
| /* confdefs.h */
| #define PACKAGE_NAME ""
| #define PACKAGE_TARNAME ""
| #define PACKAGE_VERSION ""
| #define PACKAGE_STRING ""
| #define PACKAGE_BUGREPORT ""
| #define PACKAGE_URL ""
| #define STDC_HEADERS 1
| #define HAVE_SYS_TYPES_H 1
| #define HAVE_SYS_STAT_H 1
| #define HAVE_STDLIB_H 1
| #define HAVE_STRING_H 1
| #define HAVE_MEMORY_H 1
| #define HAVE_STRINGS_H 1
| #define HAVE_INTTYPES_H 1
| #define HAVE_STDINT_H 1
| #define HAVE_UNISTD_H 1
| /* end confdefs.h.  */
| #include <stdio.h>
| #ifdef HAVE_SYS_TYPES_H
| # include <sys/types.h>
| #endif
| #ifdef HAVE_SYS_STAT_H
| # include <sys/stat.h>
| #endif
| #ifdef STDC_HEADERS
| # include <stdlib.h>
| # include <stddef.h>
| #else
| # ifdef HAVE_STDLIB_H
| #  include <stdlib.h>
| # endif
| #endif
| #ifdef HAVE_STRING_H
| # if !defined STDC_HEADERS && defined HAVE_MEMORY_H
| #  include <memory.h>
| # endif
| # include <string.h>
| #endif
| #ifdef HAVE_STRINGS_H
| # include <strings.h>
| #endif
| #ifdef HAVE_INTTYPES_H
| # include <inttypes.h>
| #endif
| #ifdef HAVE_STDINT_H
| # include <stdint.h>
| #endif
| #ifdef HAVE_UNISTD_H
| # include <unistd.h>
| #endif
| #include <minix/config.h>
configure:6549: result: no
configure:6549: checking minix/config.h presence
configure:6549: gcc -E  -DLINUX -D_REENTRANT -D_GNU_SOURCE conftest.c
conftest.c:19:26: fatal error: minix/config.h: No such file or directory
compilation terminated.
configure:6549: $? = 1
configure: failed program was:
| /* confdefs.h */
| #define PACKAGE_NAME ""
| #define PACKAGE_TARNAME ""
| #define PACKAGE_VERSION ""
| #define PACKAGE_STRING ""
| #define PACKAGE_BUGREPORT ""
| #define PACKAGE_URL ""
| #define STDC_HEADERS 1
| #define HAVE_SYS_TYPES_H 1
| #define HAVE_SYS_STAT_H 1
| #define HAVE_STDLIB_H 1
| #define HAVE_STRING_H 1
| #define HAVE_MEMORY_H 1
| #define HAVE_STRINGS_H 1
| #define HAVE_INTTYPES_H 1
| #define HAVE_STDINT_H 1
| #define HAVE_UNISTD_H 1
| /* end confdefs.h.  */
| #include <minix/config.h>
configure:6549: result: no
configure:6549: checking for minix/config.h
configure:6549: result: no
configure:6570: checking whether it is safe to define __EXTENSIONS__
configure:6588: gcc -c  -g -O2 -pthread  -DLINUX -D_REENTRANT -D_GNU_SOURCE conftest.c >&5
configure:6588: $? = 0
configure:6595: result: yes
configure:6611: checking for library containing strerror
configure:6642: gcc -o conftest  -g -O2 -pthread  -DLINUX -D_REENTRANT -D_GNU_SOURCE   conftest.c  >&5
configure:6642: $? = 0
configure:6659: result: none required
configure:6808: checking for ANSI C header files
configure:6912: result: yes
configure:6934: checking for string.h
configure:6934: result: yes
configure:6934: checking limits.h usability
configure:6934: gcc -c  -g -O2 -pthread  -DLINUX -D_REENTRANT -D_GNU_SOURCE conftest.c >&5
configure:6934: $? = 0
configure:6934: result: yes
configure:6934: checking limits.h presence
configure:6934: gcc -E  -DLINUX -D_REENTRANT -D_GNU_SOURCE conftest.c
configure:6934: $? = 0
configure:6934: result: yes
configure:6934: checking for limits.h
configure:6934: result: yes
configure:6934: checking for unistd.h
configure:6934: result: yes
configure:6934: checking sys/socket.h usability
configure:6934: gcc -c  -g -O2 -pthread  -DLINUX -D_REENTRANT -D_GNU_SOURCE conftest.c >&5
configure:6934: $? = 0
configure:6934: result: yes
configure:6934: checking sys/socket.h presence
configure:6934: gcc -E  -DLINUX -D_REENTRANT -D_GNU_SOURCE conftest.c
configure:6934: $? = 0
configure:6934: result: yes
configure:6934: checking for sys/socket.h
configure:6934: result: yes
configure:6934: checking pwd.h usability
configure:6934: gcc -c  -g -O2 -pthread  -DLINUX -D_REENTRANT -D_GNU_SOURCE conftest.c >&5
configure:6934: $? = 0
configure:6934: result: yes
configure:6934: checking pwd.h presence
configure:6934: gcc -E  -DLINUX -D_REENTRANT -D_GNU_SOURCE conftest.c
configure:6934: $? = 0
configure:6934: result: yes
configure:6934: checking for pwd.h
configure:6934: result: yes
configure:6934: checking grp.h usability
configure:6934: gcc -c  -g -O2 -pthread  -DLINUX -D_REENTRANT -D_GNU_SOURCE conftest.c >&5
configure:6934: $? = 0
configure:6934: result: yes
configure:6934: checking grp.h presence
configure:6934: gcc -E  -DLINUX -D_REENTRANT -D_GNU_SOURCE conftest.c
configure:6934: $? = 0
configure:6934: result: yes
configure:6934: checking for grp.h
configure:6934: result: yes
configure:6934: checking for strings.h
configure:6934: result: yes
configure:6934: checking sys/prctl.h usability
configure:6934: gcc -c  -g -O2 -pthread  -DLINUX -D_REENTRANT -D_GNU_SOURCE conftest.c >&5
configure:6934: $? = 0
configure:6934: result: yes
configure:6934: checking sys/prctl.h presence
configure:6934: gcc -E  -DLINUX -D_REENTRANT -D_GNU_SOURCE conftest.c
configure:6934: $? = 0
configure:6934: result: yes
configure:6934: checking for sys/prctl.h
configure:6934: result: yes
configure:6934: checking sys/processor.h usability
configure:6934: gcc -c  -g -O2 -pthread  -DLINUX -D_REENTRANT -D_GNU_SOURCE conftest.c >&5
conftest.c:66:27: fatal error: sys/processor.h: No such file or directory
compilation terminated.
configure:6934: $? = 1
configure: failed program was:
| /* confdefs.h */
| #define PACKAGE_NAME ""
| #define PACKAGE_TARNAME ""
| #define PACKAGE_VERSION ""
| #define PACKAGE_STRING ""
| #define PACKAGE_BUGREPORT ""
| #define PACKAGE_URL ""
| #define STDC_HEADERS 1
| #define HAVE_SYS_TYPES_H 1
| #define HAVE_SYS_STAT_H 1
| #define HAVE_STDLIB_H 1
| #define HAVE_STRING_H 1
| #define HAVE_MEMORY_H 1
| #define HAVE_STRINGS_H 1
| #define HAVE_INTTYPES_H 1
| #define HAVE_STDINT_H 1
| #define HAVE_UNISTD_H 1
| #define __EXTENSIONS__ 1
| #define _ALL_SOURCE 1
| #define _GNU_SOURCE 1
| #define _POSIX_PTHREAD_SEMANTICS 1
| #define _TANDEM_SOURCE 1
| #define STDC_HEADERS 1
| #define HAVE_STRING_H 1
| #define HAVE_LIMITS_H 1
| #define HAVE_UNISTD_H 1
| #define HAVE_SYS_SOCKET_H 1
| #define HAVE_PWD_H 1
| #define HAVE_GRP_H 1
| #define HAVE_STRINGS_H 1
| #define HAVE_SYS_PRCTL_H 1
| /* end confdefs.h.  */
| #include <stdio.h>
| #ifdef HAVE_SYS_TYPES_H
| # include <sys/types.h>
| #endif
| #ifdef HAVE_SYS_STAT_H
| # include <sys/stat.h>
| #endif
| #ifdef STDC_HEADERS
| # include <stdlib.h>
| # include <stddef.h>
| #else
| # ifdef HAVE_STDLIB_H
| #  include <stdlib.h>
| # endif
| #endif
| #ifdef HAVE_STRING_H
| # if !defined STDC_HEADERS && defined HAVE_MEMORY_H
| #  include <memory.h>
| # endif
| # include <string.h>
| #endif
| #ifdef HAVE_STRINGS_H
| # include <strings.h>
| #endif
| #ifdef HAVE_INTTYPES_H
| # include <inttypes.h>
| #endif
| #ifdef HAVE_STDINT_H
| # include <stdint.h>
| #endif
| #ifdef HAVE_UNISTD_H
| # include <unistd.h>
| #endif
| #include <sys/processor.h>
configure:6934: result: no
configure:6934: checking sys/processor.h presence
configure:6934: gcc -E  -DLINUX -D_REENTRANT -D_GNU_SOURCE conftest.c
conftest.c:33:27: fatal error: sys/processor.h: No such file or directory
compilation terminated.
configure:6934: $? = 1
configure: failed program was:
| /* confdefs.h */
| #define PACKAGE_NAME ""
| #define PACKAGE_TARNAME ""
| #define PACKAGE_VERSION ""
| #define PACKAGE_STRING ""
| #define PACKAGE_BUGREPORT ""
| #define PACKAGE_URL ""
| #define STDC_HEADERS 1
| #define HAVE_SYS_TYPES_H 1
| #define HAVE_SYS_STAT_H 1
| #define HAVE_STDLIB_H 1
| #define HAVE_STRING_H 1
| #define HAVE_MEMORY_H 1
| #define HAVE_STRINGS_H 1
| #define HAVE_INTTYPES_H 1
| #define HAVE_STDINT_H 1
| #define HAVE_UNISTD_H 1
| #define __EXTENSIONS__ 1
| #define _ALL_SOURCE 1
| #define _GNU_SOURCE 1
| #define _POSIX_PTHREAD_SEMANTICS 1
| #define _TANDEM_SOURCE 1
| #define STDC_HEADERS 1
| #define HAVE_STRING_H 1
| #define HAVE_LIMITS_H 1
| #define HAVE_UNISTD_H 1
| #define HAVE_SYS_SOCKET_H 1
| #define HAVE_PWD_H 1
| #define HAVE_GRP_H 1
| #define HAVE_STRINGS_H 1
| #define HAVE_SYS_PRCTL_H 1
| /* end confdefs.h.  */
| #include <sys/processor.h>
configure:6934: result: no
configure:6934: checking for sys/processor.h
configure:6934: result: no
configure:6934: checking sys/sem.h usability
configure:6934: gcc -c  -g -O2 -pthread  -DLINUX -D_REENTRANT -D_GNU_SOURCE conftest.c >&5
configure:6934: $? = 0
configure:6934: result: yes
configure:6934: checking sys/sem.h presence
configure:6934: gcc -E  -DLINUX -D_REENTRANT -D_GNU_SOURCE conftest.c
configure:6934: $? = 0
configure:6934: result: yes
configure:6934: checking for sys/sem.h
configure:6934: result: yes
configure:6944: checking for sys/wait.h that is POSIX.1 compatible
configure:6970: gcc -c  -g -O2 -pthread  -DLINUX -D_REENTRANT -D_GNU_SOURCE conftest.c >&5
configure:6970: $? = 0
configure:6977: result: yes
configure:6987: checking for an ANSI C-conforming const
configure:7052: gcc -c  -g -O2 -pthread  -DLINUX -D_REENTRANT -D_GNU_SOURCE conftest.c >&5
configure:7052: $? = 0
configure:7059: result: yes
configure:7068: checking for library containing sqrt
configure:7099: gcc -o conftest  -g -O2 -pthread  -DLINUX -D_REENTRANT -D_GNU_SOURCE   conftest.c  >&5
conftest.c:42:6: warning: conflicting types for built-in function 'sqrt' [enabled by default]
/tmp/cc9Hgo6v.o: In function `main':
/home/bogdan/GWFax/faxgwiseWeb_NEW/httpd-2.2.20/conftest.c:46: undefined reference to `sqrt'
collect2: ld returned 1 exit status
configure:7099: $? = 1
configure: failed program was:
| /* confdefs.h */
| #define PACKAGE_NAME ""
| #define PACKAGE_TARNAME ""
| #define PACKAGE_VERSION ""
| #define PACKAGE_STRING ""
| #define PACKAGE_BUGREPORT ""
| #define PACKAGE_URL ""
| #define STDC_HEADERS 1
| #define HAVE_SYS_TYPES_H 1
| #define HAVE_SYS_STAT_H 1
| #define HAVE_STDLIB_H 1
| #define HAVE_STRING_H 1
| #define HAVE_MEMORY_H 1
| #define HAVE_STRINGS_H 1
| #define HAVE_INTTYPES_H 1
| #define HAVE_STDINT_H 1
| #define HAVE_UNISTD_H 1
| #define __EXTENSIONS__ 1
| #define _ALL_SOURCE 1
| #define _GNU_SOURCE 1
| #define _POSIX_PTHREAD_SEMANTICS 1
| #define _TANDEM_SOURCE 1
| #define STDC_HEADERS 1
| #define HAVE_STRING_H 1
| #define HAVE_LIMITS_H 1
| #define HAVE_UNISTD_H 1
| #define HAVE_SYS_SOCKET_H 1
| #define HAVE_PWD_H 1
| #define HAVE_GRP_H 1
| #define HAVE_STRINGS_H 1
| #define HAVE_SYS_PRCTL_H 1
| #define HAVE_SYS_SEM_H 1
| #define HAVE_SYS_WAIT_H 1
| /* end confdefs.h.  */
| 
| /* Override any GCC internal prototype to avoid an error.
|    Use char because int might match the return type of a GCC
|    builtin and then its argument prototype would still apply.  */
| #ifdef __cplusplus
| extern "C"
| #endif
| char sqrt ();
| int
| main ()
| {
| return sqrt ();
|   ;
|   return 0;
| }
configure:7099: gcc -o conftest  -g -O2 -pthread  -DLINUX -D_REENTRANT -D_GNU_SOURCE   conftest.c -lm   >&5
conftest.c:42:6: warning: conflicting types for built-in function 'sqrt' [enabled by default]
configure:7099: $? = 0
configure:7116: result: -lm
configure:7127: checking for library containing crypt
configure:7158: gcc -o conftest  -g -O2 -pthread  -DLINUX -D_REENTRANT -D_GNU_SOURCE   conftest.c  >&5
/tmp/ccU7wIhM.o: In function `main':
/home/bogdan/GWFax/faxgwiseWeb_NEW/httpd-2.2.20/conftest.c:46: undefined reference to `crypt'
collect2: ld returned 1 exit status
configure:7158: $? = 1
configure: failed program was:
| /* confdefs.h */
| #define PACKAGE_NAME ""
| #define PACKAGE_TARNAME ""
| #define PACKAGE_VERSION ""
| #define PACKAGE_STRING ""
| #define PACKAGE_BUGREPORT ""
| #define PACKAGE_URL ""
| #define STDC_HEADERS 1
| #define HAVE_SYS_TYPES_H 1
| #define HAVE_SYS_STAT_H 1
| #define HAVE_STDLIB_H 1
| #define HAVE_STRING_H 1
| #define HAVE_MEMORY_H 1
| #define HAVE_STRINGS_H 1
| #define HAVE_INTTYPES_H 1
| #define HAVE_STDINT_H 1
| #define HAVE_UNISTD_H 1
| #define __EXTENSIONS__ 1
| #define _ALL_SOURCE 1
| #define _GNU_SOURCE 1
| #define _POSIX_PTHREAD_SEMANTICS 1
| #define _TANDEM_SOURCE 1
| #define STDC_HEADERS 1
| #define HAVE_STRING_H 1
| #define HAVE_LIMITS_H 1
| #define HAVE_UNISTD_H 1
| #define HAVE_SYS_SOCKET_H 1
| #define HAVE_PWD_H 1
| #define HAVE_GRP_H 1
| #define HAVE_STRINGS_H 1
| #define HAVE_SYS_PRCTL_H 1
| #define HAVE_SYS_SEM_H 1
| #define HAVE_SYS_WAIT_H 1
| /* end confdefs.h.  */
| 
| /* Override any GCC internal prototype to avoid an error.
|    Use char because int might match the return type of a GCC
|    builtin and then its argument prototype would still apply.  */
| #ifdef __cplusplus
| extern "C"
| #endif
| char crypt ();
| int
| main ()
| {
| return crypt ();
|   ;
|   return 0;
| }
configure:7158: gcc -o conftest  -g -O2 -pthread  -DLINUX -D_REENTRANT -D_GNU_SOURCE   conftest.c -lcrypt   >&5
configure:7158: $? = 0
configure:7175: result: -lcrypt
configure:7202: checking for getpwnam
configure:7202: gcc -o conftest  -g -O2 -pthread  -DLINUX -D_REENTRANT -D_GNU_SOURCE   conftest.c -lm  >&5
configure:7202: $? = 0
configure:7202: result: yes
configure:7202: checking for getgrnam
configure:7202: gcc -o conftest  -g -O2 -pthread  -DLINUX -D_REENTRANT -D_GNU_SOURCE   conftest.c -lm  >&5
configure:7202: $? = 0
configure:7202: result: yes
configure:7202: checking for initgroups
configure:7202: gcc -o conftest  -g -O2 -pthread  -DLINUX -D_REENTRANT -D_GNU_SOURCE   conftest.c -lm  >&5
configure:7202: $? = 0
configure:7202: result: yes
configure:7202: checking for bindprocessor
configure:7202: gcc -o conftest  -g -O2 -pthread  -DLINUX -D_REENTRANT -D_GNU_SOURCE   conftest.c -lm  >&5
/tmp/ccAq5qUi.o: In function `main':
/home/bogdan/GWFax/faxgwiseWeb_NEW/httpd-2.2.20/conftest.c:72: undefined reference to `bindprocessor'
collect2: ld returned 1 exit status
configure:7202: $? = 1
configure: failed program was:
| /* confdefs.h */
| #define PACKAGE_NAME ""
| #define PACKAGE_TARNAME ""
| #define PACKAGE_VERSION ""
| #define PACKAGE_STRING ""
| #define PACKAGE_BUGREPORT ""
| #define PACKAGE_URL ""
| #define STDC_HEADERS 1
| #define HAVE_SYS_TYPES_H 1
| #define HAVE_SYS_STAT_H 1
| #define HAVE_STDLIB_H 1
| #define HAVE_STRING_H 1
| #define HAVE_MEMORY_H 1
| #define HAVE_STRINGS_H 1
| #define HAVE_INTTYPES_H 1
| #define HAVE_STDINT_H 1
| #define HAVE_UNISTD_H 1
| #define __EXTENSIONS__ 1
| #define _ALL_SOURCE 1
| #define _GNU_SOURCE 1
| #define _POSIX_PTHREAD_SEMANTICS 1
| #define _TANDEM_SOURCE 1
| #define STDC_HEADERS 1
| #define HAVE_STRING_H 1
| #define HAVE_LIMITS_H 1
| #define HAVE_UNISTD_H 1
| #define HAVE_SYS_SOCKET_H 1
| #define HAVE_PWD_H 1
| #define HAVE_GRP_H 1
| #define HAVE_STRINGS_H 1
| #define HAVE_SYS_PRCTL_H 1
| #define HAVE_SYS_SEM_H 1
| #define HAVE_SYS_WAIT_H 1
| #define HAVE_GETPWNAM 1
| #define HAVE_GETGRNAM 1
| #define HAVE_INITGROUPS 1
| /* end confdefs.h.  */
| /* Define bindprocessor to an innocuous variant, in case <limits.h> declares bindprocessor.
|    For example, HP-UX 11i <limits.h> declares gettimeofday.  */
| #define bindprocessor innocuous_bindprocessor
| 
| /* System header to define __stub macros and hopefully few prototypes,
|     which can conflict with char bindprocessor (); below.
|     Prefer <limits.h> to <assert.h> if __STDC__ is defined, since
|     <limits.h> exists even on freestanding compilers.  */
| 
| #ifdef __STDC__
| # include <limits.h>
| #else
| # include <assert.h>
| #endif
| 
| #undef bindprocessor
| 
| /* Override any GCC internal prototype to avoid an error.
|    Use char because int might match the return type of a GCC
|    builtin and then its argument prototype would still apply.  */
| #ifdef __cplusplus
| extern "C"
| #endif
| char bindprocessor ();
| /* The GNU C library defines this for functions which it implements
|     to always fail with ENOSYS.  Some functions are actually named
|     something starting with __ and the normal name is an alias.  */
| #if defined __stub_bindprocessor || defined __stub___bindprocessor
| choke me
| #endif
| 
| int
| main ()
| {
| return bindprocessor ();
|   ;
|   return 0;
| }
configure:7202: result: no
configure:7202: checking for prctl
configure:7202: gcc -o conftest  -g -O2 -pthread  -DLINUX -D_REENTRANT -D_GNU_SOURCE   conftest.c -lm  >&5
configure:7202: $? = 0
configure:7202: result: yes
configure:7202: checking for timegm
configure:7202: gcc -o conftest  -g -O2 -pthread  -DLINUX -D_REENTRANT -D_GNU_SOURCE   conftest.c -lm  >&5
configure:7202: $? = 0
configure:7202: result: yes
configure:7202: checking for getpgid
configure:7202: gcc -o conftest  -g -O2 -pthread  -DLINUX -D_REENTRANT -D_GNU_SOURCE   conftest.c -lm  >&5
configure:7202: $? = 0
configure:7202: result: yes
configure:7214: checking for void pointer length
configure:7230: gcc -o conftest  -g -O2 -pthread  -DLINUX -D_REENTRANT -D_GNU_SOURCE   conftest.c -lm  >&5
configure:7230: $? = 0
configure:7230: ./conftest
configure:7230: $? = 0
configure:7240: result: no
configure:7248: checking for tm_gmtoff in struct tm
configure:7265: gcc -c  -g -O2 -pthread  -DLINUX -D_REENTRANT -D_GNU_SOURCE conftest.c >&5
configure:7265: $? = 0
configure:7272: result: yes
configure:7505: checking whether to enable mod_authn_file
configure:7543: result: yes (default)
configure:7598: checking whether to enable mod_authn_dbm
configure:7636: result: no
configure:7691: checking whether to enable mod_authn_anon
configure:7729: result: no
configure:7784: checking whether to enable mod_authn_dbd
configure:7822: result: no
configure:7878: checking whether to enable mod_authn_default
configure:7916: result: yes (default)
configure:7972: checking whether to enable mod_authn_alias
configure:8010: result: no
configure:8066: checking whether to enable mod_authz_host
configure:8104: result: yes (default)
configure:8159: checking whether to enable mod_authz_groupfile
configure:8197: result: yes (default)
configure:8252: checking whether to enable mod_authz_user
configure:8290: result: yes (default)
configure:8345: checking whether to enable mod_authz_dbm
configure:8383: result: no
configure:8438: checking whether to enable mod_authz_owner
configure:8476: result: no
configure:8532: checking whether to enable mod_authnz_ldap
configure:8584: result: no
configure:8640: checking whether to enable mod_authz_default
configure:8678: result: yes (default)
configure:8735: checking whether to enable mod_auth_basic
configure:8773: result: yes (default)
configure:8828: checking whether to enable mod_auth_digest
configure:8905: result: no
configure:8986: checking whether to enable mod_isapi
configure:9024: result: no
configure:9105: checking whether to enable mod_file_cache
configure:9143: result: no
configure:9201: checking whether to enable mod_cache
configure:9239: result: no
configure:9294: checking whether to enable mod_disk_cache
configure:9332: result: no
configure:9387: checking whether to enable mod_mem_cache
configure:9425: result: no
configure:9505: checking whether to enable mod_dbd
configure:9543: result: no
configure:9623: checking whether to enable mod_bucketeer
configure:9661: result: no
configure:9716: checking whether to enable mod_dumpio
configure:9754: result: no
configure:9835: checking whether to enable mod_echo
configure:9873: result: no
configure:9953: checking whether to enable mod_example
configure:9991: result: no
configure:10046: checking whether to enable mod_case_filter
configure:10084: result: no
configure:10139: checking whether to enable mod_case_filter_in
configure:10177: result: no
configure:10258: checking whether to enable mod_reqtimeout
configure:10296: result: no
configure:10351: checking whether to enable mod_ext_filter
configure:10389: result: no
configure:10444: checking whether to enable mod_include
configure:10482: result: yes (default)
configure:10537: checking whether to enable mod_filter
configure:10575: result: yes (default)
configure:10630: checking whether to enable mod_substitute
configure:10668: result: no
configure:10821: checking whether to enable mod_charset_lite
configure:10859: result: no
configure:10917: checking whether to enable mod_deflate
configure:11147: result: no
configure:11229: checking whether to enable mod_ldap
configure:11281: result: no
configure:11362: checking whether to enable mod_log_config
configure:11400: result: yes (default)
configure:11455: checking whether to enable mod_log_forensic
configure:11493: result: no
configure:11574: checking whether to enable mod_logio
configure:11612: result: no
configure:11693: checking whether to enable mod_env
configure:11731: result: yes (default)
configure:11786: checking whether to enable mod_mime_magic
configure:11824: result: no
configure:11879: checking whether to enable mod_cern_meta
configure:11917: result: no
configure:11972: checking whether to enable mod_expires
configure:12010: result: no
configure:12065: checking whether to enable mod_headers
configure:12103: result: no
configure:12158: checking whether to enable mod_ident
configure:12196: result: no
configure:12252: checking whether to enable mod_usertrack
configure:12325: result: no
configure:12381: checking whether to enable mod_unique_id
configure:12419: result: no
configure:12474: checking whether to enable mod_setenvif
configure:12512: result: yes (default)
configure:12567: checking whether to enable mod_version
configure:12605: result: yes (default)
configure:12694: checking whether to enable mod_proxy
configure:12732: result: shared
configure:12810: checking whether to enable mod_proxy_connect
configure:12848: result: shared
configure:12903: checking whether to enable mod_proxy_ftp
configure:12941: result: shared
configure:12996: checking whether to enable mod_proxy_http
configure:13034: result: shared
configure:13089: checking whether to enable mod_proxy_scgi
configure:13127: result: shared
configure:13182: checking whether to enable mod_proxy_wstunnel
configure:13220: result: shared
configure:13275: checking whether to enable mod_proxy_ajp
configure:13313: result: shared
configure:13368: checking whether to enable mod_proxy_balancer
configure:13406: result: shared
configure:13511: checking whether to enable mod_ssl
configure:14164: result: no
configure:14268: checking whether to enable mod_optional_hook_export
configure:14306: result: no
configure:14361: checking whether to enable mod_optional_hook_import
configure:14399: result: no
configure:14454: checking whether to enable mod_optional_fn_import
configure:14492: result: no
configure:14547: checking whether to enable mod_optional_fn_export
configure:14585: result: no
configure:14678: checking for target platform
configure:14707: result: unix
configure:14739: checking for rlim_t
configure:14760: gcc -c  -g -O2 -pthread  -DLINUX -D_REENTRANT -D_GNU_SOURCE conftest.c >&5
configure:14760: $? = 0
configure:14771: result: yes
configure:14783: checking sys/time.h usability
configure:14783: gcc -c  -g -O2 -pthread  -DLINUX -D_REENTRANT -D_GNU_SOURCE conftest.c >&5
configure:14783: $? = 0
configure:14783: result: yes
configure:14783: checking sys/time.h presence
configure:14783: gcc -E  -DLINUX -D_REENTRANT -D_GNU_SOURCE conftest.c
configure:14783: $? = 0
configure:14783: result: yes
configure:14783: checking for sys/time.h
configure:14783: result: yes
configure:14783: checking sys/resource.h usability
configure:14783: gcc -c  -g -O2 -pthread  -DLINUX -D_REENTRANT -D_GNU_SOURCE conftest.c >&5
configure:14783: $? = 0
configure:14783: result: yes
configure:14783: checking sys/resource.h presence
configure:14783: gcc -E  -DLINUX -D_REENTRANT -D_GNU_SOURCE conftest.c
configure:14783: $? = 0
configure:14783: result: yes
configure:14783: checking for sys/resource.h
configure:14783: result: yes
configure:14783: checking for sys/sem.h
configure:14783: result: yes
configure:14783: checking sys/ipc.h usability
configure:14783: gcc -c  -g -O2 -pthread  -DLINUX -D_REENTRANT -D_GNU_SOURCE conftest.c >&5
configure:14783: $? = 0
configure:14783: result: yes
configure:14783: checking sys/ipc.h presence
configure:14783: gcc -E  -DLINUX -D_REENTRANT -D_GNU_SOURCE conftest.c
configure:14783: $? = 0
configure:14783: result: yes
configure:14783: checking for sys/ipc.h
configure:14783: result: yes
configure:14797: checking for setsid
configure:14797: gcc -o conftest  -g -O2 -pthread  -DLINUX -D_REENTRANT -D_GNU_SOURCE   conftest.c -lm  >&5
configure:14797: $? = 0
configure:14797: result: yes
configure:14797: checking for killpg
configure:14797: gcc -o conftest  -g -O2 -pthread  -DLINUX -D_REENTRANT -D_GNU_SOURCE   conftest.c -lm  >&5
configure:14797: $? = 0
configure:14797: result: yes
configure:14813: checking bstring.h usability
configure:14813: gcc -c  -g -O2 -pthread  -DLINUX -D_REENTRANT -D_GNU_SOURCE conftest.c >&5
conftest.c:82:21: fatal error: bstring.h: No such file or directory
compilation terminated.
configure:14813: $? = 1
configure: failed program was:
| /* confdefs.h */
| #define PACKAGE_NAME ""
| #define PACKAGE_TARNAME ""
| #define PACKAGE_VERSION ""
| #define PACKAGE_STRING ""
| #define PACKAGE_BUGREPORT ""
| #define PACKAGE_URL ""
| #define STDC_HEADERS 1
| #define HAVE_SYS_TYPES_H 1
| #define HAVE_SYS_STAT_H 1
| #define HAVE_STDLIB_H 1
| #define HAVE_STRING_H 1
| #define HAVE_MEMORY_H 1
| #define HAVE_STRINGS_H 1
| #define HAVE_INTTYPES_H 1
| #define HAVE_STDINT_H 1
| #define HAVE_UNISTD_H 1
| #define __EXTENSIONS__ 1
| #define _ALL_SOURCE 1
| #define _GNU_SOURCE 1
| #define _POSIX_PTHREAD_SEMANTICS 1
| #define _TANDEM_SOURCE 1
| #define STDC_HEADERS 1
| #define HAVE_STRING_H 1
| #define HAVE_LIMITS_H 1
| #define HAVE_UNISTD_H 1
| #define HAVE_SYS_SOCKET_H 1
| #define HAVE_PWD_H 1
| #define HAVE_GRP_H 1
| #define HAVE_STRINGS_H 1
| #define HAVE_SYS_PRCTL_H 1
| #define HAVE_SYS_SEM_H 1
| #define HAVE_SYS_WAIT_H 1
| #define HAVE_GETPWNAM 1
| #define HAVE_GETGRNAM 1
| #define HAVE_INITGROUPS 1
| #define HAVE_PRCTL 1
| #define HAVE_TIMEGM 1
| #define HAVE_GETPGID 1
| #define HAVE_GMTOFF 1
| #define AP_ENABLE_V4_MAPPED 1
| #define HAVE_SYS_TIME_H 1
| #define HAVE_SYS_RESOURCE_H 1
| #define HAVE_SYS_SEM_H 1
| #define HAVE_SYS_IPC_H 1
| #define HAVE_SETSID 1
| #define HAVE_KILLPG 1
| /* end confdefs.h.  */
| #include <stdio.h>
| #ifdef HAVE_SYS_TYPES_H
| # include <sys/types.h>
| #endif
| #ifdef HAVE_SYS_STAT_H
| # include <sys/stat.h>
| #endif
| #ifdef STDC_HEADERS
| # include <stdlib.h>
| # include <stddef.h>
| #else
| # ifdef HAVE_STDLIB_H
| #  include <stdlib.h>
| # endif
| #endif
| #ifdef HAVE_STRING_H
| # if !defined STDC_HEADERS && defined HAVE_MEMORY_H
| #  include <memory.h>
| # endif
| # include <string.h>
| #endif
| #ifdef HAVE_STRINGS_H
| # include <strings.h>
| #endif
| #ifdef HAVE_INTTYPES_H
| # include <inttypes.h>
| #endif
| #ifdef HAVE_STDINT_H
| # include <stdint.h>
| #endif
| #ifdef HAVE_UNISTD_H
| # include <unistd.h>
| #endif
| #include <bstring.h>
configure:14813: result: no
configure:14813: checking bstring.h presence
configure:14813: gcc -E  -DLINUX -D_REENTRANT -D_GNU_SOURCE conftest.c
conftest.c:49:21: fatal error: bstring.h: No such file or directory
compilation terminated.
configure:14813: $? = 1
configure: failed program was:
| /* confdefs.h */
| #define PACKAGE_NAME ""
| #define PACKAGE_TARNAME ""
| #define PACKAGE_VERSION ""
| #define PACKAGE_STRING ""
| #define PACKAGE_BUGREPORT ""
| #define PACKAGE_URL ""
| #define STDC_HEADERS 1
| #define HAVE_SYS_TYPES_H 1
| #define HAVE_SYS_STAT_H 1
| #define HAVE_STDLIB_H 1
| #define HAVE_STRING_H 1
| #define HAVE_MEMORY_H 1
| #define HAVE_STRINGS_H 1
| #define HAVE_INTTYPES_H 1
| #define HAVE_STDINT_H 1
| #define HAVE_UNISTD_H 1
| #define __EXTENSIONS__ 1
| #define _ALL_SOURCE 1
| #define _GNU_SOURCE 1
| #define _POSIX_PTHREAD_SEMANTICS 1
| #define _TANDEM_SOURCE 1
| #define STDC_HEADERS 1
| #define HAVE_STRING_H 1
| #define HAVE_LIMITS_H 1
| #define HAVE_UNISTD_H 1
| #define HAVE_SYS_SOCKET_H 1
| #define HAVE_PWD_H 1
| #define HAVE_GRP_H 1
| #define HAVE_STRINGS_H 1
| #define HAVE_SYS_PRCTL_H 1
| #define HAVE_SYS_SEM_H 1
| #define HAVE_SYS_WAIT_H 1
| #define HAVE_GETPWNAM 1
| #define HAVE_GETGRNAM 1
| #define HAVE_INITGROUPS 1
| #define HAVE_PRCTL 1
| #define HAVE_TIMEGM 1
| #define HAVE_GETPGID 1
| #define HAVE_GMTOFF 1
| #define AP_ENABLE_V4_MAPPED 1
| #define HAVE_SYS_TIME_H 1
| #define HAVE_SYS_RESOURCE_H 1
| #define HAVE_SYS_SEM_H 1
| #define HAVE_SYS_IPC_H 1
| #define HAVE_SETSID 1
| #define HAVE_KILLPG 1
| /* end confdefs.h.  */
| #include <bstring.h>
configure:14813: result: no
configure:14813: checking for bstring.h
configure:14813: result: no
configure:14813: checking for unistd.h
configure:14813: result: yes
configure:14828: checking for syslog
configure:14828: gcc -o conftest  -g -O2 -pthread  -DLINUX -D_REENTRANT -D_GNU_SOURCE   conftest.c -lm  >&5
configure:14828: $? = 0
configure:14828: result: yes
configure:14840: checking sys/times.h usability
configure:14840: gcc -c  -g -O2 -pthread  -DLINUX -D_REENTRANT -D_GNU_SOURCE conftest.c >&5
configure:14840: $? = 0
configure:14840: result: yes
configure:14840: checking sys/times.h presence
configure:14840: gcc -E  -DLINUX -D_REENTRANT -D_GNU_SOURCE conftest.c
configure:14840: $? = 0
configure:14840: result: yes
configure:14840: checking for sys/times.h
configure:14840: result: yes
configure:14852: checking for times
configure:14852: gcc -o conftest  -g -O2 -pthread  -DLINUX -D_REENTRANT -D_GNU_SOURCE   conftest.c -lm  >&5
configure:14852: $? = 0
configure:14852: result: yes
configure:14862: checking which MPM to use
configure:14878: result: prefork
configure:15757: checking whether to enable mod_http
configure:15795: result: yes
configure:15850: checking whether to enable mod_mime
configure:15888: result: yes (default)
configure:15957: checking for extra modules
configure:16017: result: none
configure:16042: checking whether to enable mod_dav
configure:16080: result: no
configure:16188: checking whether to enable mod_status
configure:16226: result: yes (default)
configure:16281: checking whether to enable mod_autoindex
configure:16319: result: yes (default)
configure:16374: checking whether to enable mod_asis
configure:16412: result: yes (default)
configure:16467: checking whether to enable mod_info
configure:16505: result: no
configure:16560: checking whether to enable mod_suexec
configure:16610: result: no
configure:16868: checking whether to enable mod_cgi
configure:16906: result: yes (default)
configure:16961: checking whether to enable mod_cgid
configure:16999: result: no
configure:17253: checking whether to enable mod_dav_fs
configure:17291: result: no
configure:17381: checking whether to enable mod_dav_lock
configure:17419: result: no
configure:17500: checking whether to enable mod_vhost_alias
configure:17538: result: no
configure:17593: checking whether to enable mod_negotiation
configure:17631: result: yes (default)
configure:17686: checking whether to enable mod_dir
configure:17724: result: yes (default)
configure:17779: checking whether to enable mod_imagemap
configure:17817: result: no
configure:17872: checking whether to enable mod_actions
configure:17910: result: yes (default)
configure:17965: checking whether to enable mod_speling
configure:18003: result: no
configure:18058: checking whether to enable mod_userdir
configure:18096: result: yes (default)
configure:18151: checking whether to enable mod_alias
configure:18189: result: yes (default)
configure:18245: checking whether to enable mod_rewrite
configure:18283: result: no
configure:18422: checking whether to enable mod_so
configure:18460: result: yes
configure:19471: creating ./config.status

## ---------------------- ##
## Running config.status. ##
## ---------------------- ##

This file was extended by config.status, which was
generated by GNU Autoconf 2.68.  Invocation command line was

  CONFIG_FILES    = 
  CONFIG_HEADERS  = 
  CONFIG_LINKS    = 
  CONFIG_COMMANDS = 
  $ ./config.status 

on bogdanpc

config.status:1133: creating docs/conf/httpd.conf
config.status:1133: creating docs/conf/extra/httpd-autoindex.conf
config.status:1133: creating docs/conf/extra/httpd-dav.conf
config.status:1133: creating docs/conf/extra/httpd-default.conf
config.status:1133: creating docs/conf/extra/httpd-info.conf
config.status:1133: creating docs/conf/extra/httpd-languages.conf
config.status:1133: creating docs/conf/extra/httpd-manual.conf
config.status:1133: creating docs/conf/extra/httpd-mpm.conf
config.status:1133: creating docs/conf/extra/httpd-multilang-errordoc.conf
config.status:1133: creating docs/conf/extra/httpd-ssl.conf
config.status:1133: creating docs/conf/extra/httpd-userdir.conf
config.status:1133: creating docs/conf/extra/httpd-vhosts.conf
config.status:1133: creating include/ap_config_layout.h
config.status:1133: creating support/apxs
config.status:1133: creating support/apachectl
config.status:1133: creating support/dbmmanage
config.status:1133: creating support/envvars-std
config.status:1133: creating support/log_server_status
config.status:1133: creating support/logresolve.pl
config.status:1133: creating support/phf_abuse_log.cgi
config.status:1133: creating support/split-logfile
config.status:1133: creating build/rules.mk
config.status:1133: creating build/pkg/pkginfo
config.status:1133: creating build/config_vars.sh
config.status:1133: creating include/ap_config_auto.h
config.status:1317: executing default commands

## ---------------- ##
## Cache variables. ##
## ---------------- ##

ac_cv_build=x86_64-unknown-linux-gnu
ac_cv_c_compiler_gnu=yes
ac_cv_c_const=yes
ac_cv_define_APR_HAS_DSO=yes
ac_cv_define_APR_HAVE_IPV6=yes
ac_cv_env_CC_set=
ac_cv_env_CC_value=
ac_cv_env_CFLAGS_set=
ac_cv_env_CFLAGS_value=
ac_cv_env_CPPFLAGS_set=
ac_cv_env_CPPFLAGS_value=
ac_cv_env_CPP_set=
ac_cv_env_CPP_value=
ac_cv_env_LDFLAGS_set=
ac_cv_env_LDFLAGS_value=
ac_cv_env_LIBS_set=
ac_cv_env_LIBS_value=
ac_cv_env_build_alias_set=
ac_cv_env_build_alias_value=
ac_cv_env_host_alias_set=
ac_cv_env_host_alias_value=
ac_cv_env_target_alias_set=
ac_cv_env_target_alias_value=
ac_cv_func_bindprocessor=no
ac_cv_func_getgrnam=yes
ac_cv_func_getpgid=yes
ac_cv_func_getpwnam=yes
ac_cv_func_initgroups=yes
ac_cv_func_killpg=yes
ac_cv_func_prctl=yes
ac_cv_func_setsid=yes
ac_cv_func_syslog=yes
ac_cv_func_timegm=yes
ac_cv_func_times=yes
ac_cv_header_bstring_h=no
ac_cv_header_grp_h=yes
ac_cv_header_inttypes_h=yes
ac_cv_header_limits_h=yes
ac_cv_header_memory_h=yes
ac_cv_header_minix_config_h=no
ac_cv_header_pwd_h=yes
ac_cv_header_stdc=yes
ac_cv_header_stdint_h=yes
ac_cv_header_stdlib_h=yes
ac_cv_header_string_h=yes
ac_cv_header_strings_h=yes
ac_cv_header_sys_ipc_h=yes
ac_cv_header_sys_prctl_h=yes
ac_cv_header_sys_processor_h=no
ac_cv_header_sys_resource_h=yes
ac_cv_header_sys_sem_h=yes
ac_cv_header_sys_socket_h=yes
ac_cv_header_sys_stat_h=yes
ac_cv_header_sys_time_h=yes
ac_cv_header_sys_times_h=yes
ac_cv_header_sys_types_h=yes
ac_cv_header_sys_wait_h=yes
ac_cv_header_unistd_h=yes
ac_cv_host=x86_64-unknown-linux-gnu
ac_cv_mkdir_p=yes
ac_cv_objext=o
ac_cv_path_EGREP='/bin/grep -E'
ac_cv_path_GREP=/bin/grep
ac_cv_path_RM=/bin/rm
ac_cv_path_RSYNC=/usr/bin/rsync
ac_cv_prog_AWK=mawk
ac_cv_prog_CPP='gcc -E'
ac_cv_prog_ac_ct_CC=gcc
ac_cv_prog_ac_ct_RANLIB=ranlib
ac_cv_prog_cc_c89=
ac_cv_prog_cc_g=yes
ac_cv_safe_to_define___extensions__=yes
ac_cv_search_crypt=-lcrypt
ac_cv_search_sqrt=-lm
ac_cv_search_strerror='none required'
ac_cv_struct_tm_gmtoff=yes
ac_cv_target=x86_64-unknown-linux-gnu
ac_cv_type_rlim_t=yes
ap_cv_void_ptr_lt_long=no
apache_cv_mpm=prefork

## ----------------- ##
## Output variables. ##
## ----------------- ##

APACHECTL_ULIMIT='ulimit -S -n `ulimit -H -n`'
APR_BINDIR='/usr/local/apache2/bin'
APR_CONFIG='/usr/local/apache2/bin/apr-1-config'
APR_INCLUDEDIR='/home/bogdan/GWFax/faxgwiseWeb_NEW/httpd-2.2.20/srclib/apr/include'
APR_VERSION='1.4.9'
APU_BINDIR='/usr/local/apache2/bin'
APU_CONFIG='/usr/local/apache2/bin/apu-1-config'
APU_INCLUDEDIR='/home/bogdan/GWFax/faxgwiseWeb_NEW/httpd-2.2.20/srclib/apr-util/include'
APU_VERSION='1.3.13'
AP_BUILD_SRCLIB_DIRS='apr  apr-util pcre'
AP_CLEAN_SRCLIB_DIRS='apr-util  apr pcre'
AP_LIBS='/home/bogdan/GWFax/faxgwiseWeb_NEW/httpd-2.2.20/srclib/pcre/libpcre.la  /home/bogdan/GWFax/faxgwiseWeb_NEW/httpd-2.2.20/srclib/apr-util/libaprutil-1.la     /home/bogdan/GWFax/faxgwiseWeb_NEW/httpd-2.2.20/srclib/apr-util/xml/expat/libexpat.la  /home/bogdan/GWFax/faxgwiseWeb_NEW/httpd-2.2.20/srclib/apr/libapr-1.la -lrt -lcrypt  -lpthread -ldl'
AWK='mawk'
BUILTIN_LIBS=' modules/aaa/libmod_authn_file.la modules/aaa/libmod_authn_default.la modules/aaa/libmod_authz_host.la modules/aaa/libmod_authz_groupfile.la modules/aaa/libmod_authz_user.la modules/aaa/libmod_authz_default.la modules/aaa/libmod_auth_basic.la modules/filters/libmod_include.la modules/filters/libmod_filter.la modules/loggers/libmod_log_config.la modules/metadata/libmod_env.la modules/metadata/libmod_setenvif.la modules/metadata/libmod_version.la modules/http/libmod_http.la modules/http/libmod_mime.la modules/generators/libmod_status.la modules/generators/libmod_autoindex.la modules/generators/libmod_asis.la modules/generators/libmod_cgi.la modules/mappers/libmod_negotiation.la modules/mappers/libmod_dir.la modules/mappers/libmod_actions.la modules/mappers/libmod_userdir.la modules/mappers/libmod_alias.la modules/mappers/libmod_so.la'
CC='gcc'
CFLAGS=''
CORE_IMPLIB=''
CORE_IMPLIB_FILE=''
CPP='gcc -E'
CPPFLAGS=''
CRYPT_LIBS='-lcrypt '
CXX=''
CXXFLAGS=''
DEFS='-DHAVE_CONFIG_H'
DSO_MODULES=' proxy proxy_connect proxy_ftp proxy_http proxy_scgi proxy_wstunnel proxy_ajp proxy_balancer'
ECHO_C=''
ECHO_N='-n'
ECHO_T=''
EGREP='/bin/grep -E'
EXEEXT=''
EXTRA_CFLAGS=' -g -O2 -pthread'
EXTRA_CPPFLAGS=' -DLINUX -D_REENTRANT -D_GNU_SOURCE'
EXTRA_CXXFLAGS=''
EXTRA_INCLUDES='-I$(top_builddir)/srclib/pcre -I. -I$(top_srcdir)/os/$(OS_DIR) -I$(top_srcdir)/server/mpm/$(MPM_SUBDIR_NAME) -I$(top_srcdir)/modules/http -I$(top_srcdir)/modules/filters -I$(top_srcdir)/modules/proxy -I$(top_srcdir)/include -I$(top_srcdir)/modules/generators -I$(top_srcdir)/modules/mappers -I$(top_srcdir)/modules/database -I/home/bogdan/GWFax/faxgwiseWeb_NEW/httpd-2.2.20/srclib/apr/include -I/home/bogdan/GWFax/faxgwiseWeb_NEW/httpd-2.2.20/srclib/apr-util/include -I/home/bogdan/GWFax/faxgwiseWeb_NEW/httpd-2.2.20/srclib/apr-util/xml/expat/lib -I$(top_srcdir)/modules/proxy/../generators -I$(top_srcdir)/modules/ssl -I$(top_srcdir)/modules/dav/main'
EXTRA_LDFLAGS=' '
EXTRA_LIBS='-lm '
GREP='/bin/grep'
HTTPD_LDFLAGS='-export-dynamic'
HTTPD_VERSION='2.2.20'
INCLUDES=''
INSTALL='$(LIBTOOL) --mode=install $(abs_srcdir)/build/install.sh -c'
INSTALL_DSO='yes'
INSTALL_PROG_FLAGS=''
LDFLAGS=''
LIBOBJS=''
LIBS=''
LIBTOOL='/home/bogdan/GWFax/faxgwiseWeb_NEW/httpd-2.2.20/srclib/apr/libtool $(LTFLAGS)'
LN_S='ln -s'
LTCFLAGS='-prefer-non-pic -static'
LTFLAGS='--silent'
LTLIBOBJS=''
LT_LDFLAGS=''
LYNX_PATH='lynx'
MKDEP='$(CC) -MM'
MKINSTALLDIRS='$(abs_srcdir)/build/mkdir.sh'
MK_IMPLIB=''
MODULE_CLEANDIRS=' arch/win32 cache database debug echo experimental ldap ssl test dav/main dav/fs dav/lock'
MODULE_DIRS=' aaa filters loggers metadata proxy http generators mappers'
MOD_ACTIONS_LDADD=''
MOD_ALIAS_LDADD=''
MOD_ASIS_LDADD=''
MOD_AUTHNZ_LDAP_LDADD=''
MOD_AUTHN_ALIAS_LDADD=''
MOD_AUTHN_ANON_LDADD=''
MOD_AUTHN_DBD_LDADD=''
MOD_AUTHN_DBM_LDADD=''
MOD_AUTHN_DEFAULT_LDADD=''
MOD_AUTHN_FILE_LDADD=''
MOD_AUTHZ_DBM_LDADD=''
MOD_AUTHZ_DEFAULT_LDADD=''
MOD_AUTHZ_GROUPFILE_LDADD=''
MOD_AUTHZ_HOST_LDADD=''
MOD_AUTHZ_OWNER_LDADD=''
MOD_AUTHZ_USER_LDADD=''
MOD_AUTH_BASIC_LDADD=''
MOD_AUTH_DIGEST_LDADD=''
MOD_AUTOINDEX_LDADD=''
MOD_BUCKETEER_LDADD=''
MOD_CACHE_LDADD=''
MOD_CASE_FILTER_IN_LDADD=''
MOD_CASE_FILTER_LDADD=''
MOD_CERN_META_LDADD=''
MOD_CGID_LDADD=''
MOD_CGI_LDADD=''
MOD_CHARSET_LITE_LDADD=''
MOD_DAV_FS_LDADD=''
MOD_DAV_LDADD=''
MOD_DAV_LOCK_LDADD=''
MOD_DBD_LDADD=''
MOD_DEFLATE_LDADD=''
MOD_DIR_LDADD=''
MOD_DISK_CACHE_LDADD=''
MOD_DUMPIO_LDADD=''
MOD_ECHO_LDADD=''
MOD_ENV_LDADD=''
MOD_EXAMPLE_LDADD=''
MOD_EXPIRES_LDADD=''
MOD_EXT_FILTER_LDADD=''
MOD_FILE_CACHE_LDADD=''
MOD_FILTER_LDADD=''
MOD_HEADERS_LDADD=''
MOD_HTTP_LDADD=''
MOD_IDENT_LDADD=''
MOD_IMAGEMAP_LDADD=''
MOD_INCLUDE_LDADD=''
MOD_INFO_LDADD=''
MOD_ISAPI_LDADD=''
MOD_LDAP_LDADD=''
MOD_LOGIO_LDADD=''
MOD_LOG_CONFIG_LDADD=''
MOD_LOG_FORENSIC_LDADD=''
MOD_MEM_CACHE_LDADD=''
MOD_MIME_LDADD=''
MOD_MIME_MAGIC_LDADD=''
MOD_NEGOTIATION_LDADD=''
MOD_OPTIONAL_FN_EXPORT_LDADD=''
MOD_OPTIONAL_FN_IMPORT_LDADD=''
MOD_OPTIONAL_HOOK_EXPORT_LDADD=''
MOD_OPTIONAL_HOOK_IMPORT_LDADD=''
MOD_PROXY_AJP_LDADD=''
MOD_PROXY_BALANCER_LDADD=''
MOD_PROXY_CONNECT_LDADD=''
MOD_PROXY_FTP_LDADD=''
MOD_PROXY_HTTP_LDADD=''
MOD_PROXY_LDADD=''
MOD_PROXY_SCGI_LDADD=''
MOD_PROXY_WSTUNNEL_LDADD=''
MOD_REQTIMEOUT_LDADD=''
MOD_REWRITE_LDADD=''
MOD_SETENVIF_LDADD=''
MOD_SO_LDADD=''
MOD_SPELING_LDADD=''
MOD_SSL_LDADD=''
MOD_STATUS_LDADD=''
MOD_SUBSTITUTE_LDADD=''
MOD_SUEXEC_LDADD=''
MOD_UNIQUE_ID_LDADD=''
MOD_USERDIR_LDADD=''
MOD_USERTRACK_LDADD=''
MOD_VERSION_LDADD=''
MOD_VHOST_ALIAS_LDADD=''
MPM_LIB='server/mpm/prefork/libprefork.la'
MPM_NAME='prefork'
MPM_SUBDIR_NAME='prefork'
NONPORTABLE_SUPPORT='checkgid'
NOTEST_CFLAGS=''
NOTEST_CPPFLAGS=''
NOTEST_CXXFLAGS=''
NOTEST_LDFLAGS=''
NOTEST_LIBS=''
OBJEXT='o'
OS='unix'
OS_DIR='unix'
OS_SPECIFIC_VARS=''
PACKAGE_BUGREPORT=''
PACKAGE_NAME=''
PACKAGE_STRING=''
PACKAGE_TARNAME=''
PACKAGE_URL=''
PACKAGE_VERSION=''
PATH_SEPARATOR=':'
PCRE_CONFIG='false'
PICFLAGS=''
PILDFLAGS=''
PKGCONFIG=''
PORT='80'
POST_SHARED_CMDS='echo ""'
PRE_SHARED_CMDS='echo ""'
RANLIB='ranlib'
RM='/bin/rm'
RSYNC='/usr/bin/rsync'
SHELL='/bin/bash'
SHLIBPATH_VAR='LD_LIBRARY_PATH'
SHLTCFLAGS='-prefer-pic'
SH_LDFLAGS=''
SH_LIBS=''
SH_LIBTOOL='$(LIBTOOL)'
SSLPORT='443'
SSL_LIBS=''
UTIL_LDFLAGS=''
ab_LTFLAGS=''
abs_srcdir='/home/bogdan/GWFax/faxgwiseWeb_NEW/httpd-2.2.20'
ac_ct_CC='gcc'
ap_make_delimiter=' '
ap_make_include='include'
bindir='${exec_prefix}/bin'
build='x86_64-unknown-linux-gnu'
build_alias=''
build_cpu='x86_64'
build_os='linux-gnu'
build_vendor='unknown'
cgidir='${datadir}/cgi-bin'
checkgid_LTFLAGS=''
datadir='${prefix}'
datarootdir='${prefix}/share'
docdir='${datarootdir}/doc/${PACKAGE}'
dvidir='${docdir}'
errordir='${datadir}/error'
exec_prefix='${prefix}'
exp_bindir='/usr/local/apache2/bin'
exp_cgidir='/usr/local/apache2/cgi-bin'
exp_datadir='/usr/local/apache2'
exp_errordir='/usr/local/apache2/error'
exp_exec_prefix='/usr/local/apache2'
exp_htdocsdir='/usr/local/apache2/htdocs'
exp_iconsdir='/usr/local/apache2/icons'
exp_includedir='/usr/local/apache2/include'
exp_installbuilddir='/usr/local/apache2/build'
exp_libdir='/usr/local/apache2/lib'
exp_libexecdir='/usr/local/apache2/modules'
exp_localstatedir='/usr/local/apache2'
exp_logfiledir='/usr/local/apache2/logs'
exp_mandir='/usr/local/apache2/man'
exp_manualdir='/usr/local/apache2/manual'
exp_proxycachedir='/usr/local/apache2/proxy'
exp_runtimedir='/usr/local/apache2/logs'
exp_sbindir='/usr/local/apache2/bin'
exp_sysconfdir='/usr/local/apache2/conf'
host='x86_64-unknown-linux-gnu'
host_alias=''
host_cpu='x86_64'
host_os='linux-gnu'
host_vendor='unknown'
htcacheclean_LTFLAGS=''
htdbm_LTFLAGS=''
htdigest_LTFLAGS=''
htdocsdir='${datadir}/htdocs'
htmldir='${docdir}'
htpasswd_LTFLAGS=''
httxt2dbm_LTFLAGS=''
iconsdir='${datadir}/icons'
includedir='${prefix}/include'
infodir='${datarootdir}/info'
installbuilddir='${datadir}/build'
libdir='${exec_prefix}/lib'
libexecdir='${exec_prefix}/modules'
localedir='${datarootdir}/locale'
localstatedir='${prefix}'
logfiledir='${localstatedir}/logs'
logresolve_LTFLAGS=''
mandir='${prefix}/man'
manualdir='${datadir}/manual'
nonssl_listen_stmt_1=''
nonssl_listen_stmt_2=''
oldincludedir='/usr/include'
other_targets=''
pdfdir='${docdir}'
perlbin='/usr/bin/perl'
prefix='/usr/local/apache2'
progname='httpd'
program_transform_name='s,x,x,'
proxycachedir='${localstatedir}/proxy'
psdir='${docdir}'
rel_bindir='bin'
rel_cgidir='cgi-bin'
rel_datadir=''
rel_errordir='error'
rel_exec_prefix=''
rel_htdocsdir='htdocs'
rel_iconsdir='icons'
rel_includedir='include'
rel_installbuilddir='build'
rel_libdir='lib'
rel_libexecdir='modules'
rel_localstatedir=''
rel_logfiledir='logs'
rel_mandir='man'
rel_manualdir='manual'
rel_proxycachedir='proxy'
rel_runtimedir='logs'
rel_sbindir='bin'
rel_sysconfdir='conf'
rotatelogs_LTFLAGS=''
runtimedir='${localstatedir}/logs'
sbindir='${exec_prefix}/bin'
shared_build='shared-build'
sharedstatedir='${prefix}/com'
sysconfdir='${prefix}/conf'
target='x86_64-unknown-linux-gnu'
target_alias=''
target_cpu='x86_64'
target_os='linux-gnu'
target_vendor='unknown'

## ----------- ##
## confdefs.h. ##
## ----------- ##

/* confdefs.h */
#define PACKAGE_NAME ""
#define PACKAGE_TARNAME ""
#define PACKAGE_VERSION ""
#define PACKAGE_STRING ""
#define PACKAGE_BUGREPORT ""
#define PACKAGE_URL ""
#define STDC_HEADERS 1
#define HAVE_SYS_TYPES_H 1
#define HAVE_SYS_STAT_H 1
#define HAVE_STDLIB_H 1
#define HAVE_STRING_H 1
#define HAVE_MEMORY_H 1
#define HAVE_STRINGS_H 1
#define HAVE_INTTYPES_H 1
#define HAVE_STDINT_H 1
#define HAVE_UNISTD_H 1
#define __EXTENSIONS__ 1
#define _ALL_SOURCE 1
#define _GNU_SOURCE 1
#define _POSIX_PTHREAD_SEMANTICS 1
#define _TANDEM_SOURCE 1
#define STDC_HEADERS 1
#define HAVE_STRING_H 1
#define HAVE_LIMITS_H 1
#define HAVE_UNISTD_H 1
#define HAVE_SYS_SOCKET_H 1
#define HAVE_PWD_H 1
#define HAVE_GRP_H 1
#define HAVE_STRINGS_H 1
#define HAVE_SYS_PRCTL_H 1
#define HAVE_SYS_SEM_H 1
#define HAVE_SYS_WAIT_H 1
#define HAVE_GETPWNAM 1
#define HAVE_GETGRNAM 1
#define HAVE_INITGROUPS 1
#define HAVE_PRCTL 1
#define HAVE_TIMEGM 1
#define HAVE_GETPGID 1
#define HAVE_GMTOFF 1
#define AP_ENABLE_V4_MAPPED 1
#define HAVE_SYS_TIME_H 1
#define HAVE_SYS_RESOURCE_H 1
#define HAVE_SYS_SEM_H 1
#define HAVE_SYS_IPC_H 1
#define HAVE_SETSID 1
#define HAVE_KILLPG 1
#define HAVE_UNISTD_H 1
#define HAVE_SYSLOG 1
#define HAVE_SYS_TIMES_H 1
#define HAVE_TIMES 1
#define AP_USING_AUTOCONF 1
#define AP_NONBLOCK_WHEN_MULTI_LISTEN 1
#define HTTPD_ROOT "/usr/local/apache2"
#define SERVER_CONFIG_FILE "conf/httpd.conf"
#define AP_TYPES_CONFIG_FILE "conf/mime.types"
#define APACHE_MPM_DIR "server/mpm/prefork"

configure: exit 0
