This file contains any messages produced by compilers while
running configure, to aid debugging if configure makes a mistake.

It was created by expat configure 1.95.7, which was
generated by GNU Autoconf 2.68.  Invocation command line was

  $ /home/bogdan/GWFax/faxgwiseWeb_NEW/httpd-2.2.20/srclib/apr-util/xml/expat/configure --disable-option-checking --disable-option-checking --enable-proxy=shared --enable-proxy_wstunnel=shared --cache-file=/dev/null --srcdir=/home/bogdan/GWFax/faxgwiseWeb_NEW/httpd-2.2.20/srclib/apr-util --with-apr=../apr --prefix=/usr/local/apache2 --exec-prefix=/usr/local/apache2 --libdir=${prefix}/lib --includedir=/usr/local/apache2/include --bindir=${prefix}/bin --cache-file=/dev/null --srcdir=/home/bogdan/GWFax/faxgwiseWeb_NEW/httpd-2.2.20/srclib/apr-util/xml/expat --prefix=/usr/local/apache2 --exec-prefix=/usr/local/apache2 --libdir=/usr/local/apache2/lib --includedir=/usr/local/apache2/include --bindir=/usr/local/apache2/bin

## --------- ##
## Platform. ##
## --------- ##

hostname = bogdanpc
uname -m = x86_64
uname -r = 3.8.0-44-generic
uname -s = Linux
uname -v = #66~precise1-Ubuntu SMP Tue Jul 15 04:01:04 UTC 2014

/usr/bin/uname -p = unknown
/bin/uname -X     = unknown

/bin/arch              = unknown
/usr/bin/arch -k       = unknown
/usr/convex/getsysinfo = unknown
/usr/bin/hostinfo      = unknown
/bin/machine           = unknown
/usr/bin/oslevel       = unknown
/bin/universe          = unknown

PATH: /usr/local/sbin
PATH: /usr/local/bin
PATH: /usr/sbin
PATH: /usr/bin
PATH: /sbin
PATH: /bin
PATH: /usr/games


## ----------- ##
## Core tests. ##
## ----------- ##

configure:3864: checking build system type
configure:3878: result: x86_64-unknown-linux-gnu
configure:3898: checking host system type
configure:3911: result: x86_64-unknown-linux-gnu
configure:3931: checking target system type
configure:3944: result: x86_64-unknown-linux-gnu
configure:4328: checking how to print strings
configure:4355: result: printf
configure:4424: checking for gcc
configure:4440: found /usr/bin/gcc
configure:4451: result: gcc
configure:4680: checking for C compiler version
configure:4689: gcc --version >&5
gcc (Ubuntu/Linaro 4.6.4-1ubuntu1~12.04) 4.6.4
Copyright (C) 2011 Free Software Foundation, Inc.
This is free software; see the source for copying conditions.  There is NO
warranty; not even for MERCHANTABILITY or FITNESS FOR A PARTICULAR PURPOSE.

configure:4700: $? = 0
configure:4689: gcc -v >&5
Using built-in specs.
COLLECT_GCC=gcc
COLLECT_LTO_WRAPPER=/usr/lib/gcc/x86_64-linux-gnu/4.6/lto-wrapper
Target: x86_64-linux-gnu
Configured with: ../src/configure -v --with-pkgversion='Ubuntu/Linaro 4.6.4-1ubuntu1~12.04' --with-bugurl=file:///usr/share/doc/gcc-4.6/README.Bugs --enable-languages=c,c++,fortran,objc,obj-c++ --prefix=/usr --program-suffix=-4.6 --enable-shared --enable-linker-build-id --with-system-zlib --libexecdir=/usr/lib --without-included-gettext --enable-threads=posix --with-gxx-include-dir=/usr/include/c++/4.6 --libdir=/usr/lib --enable-nls --with-sysroot=/ --enable-clocale=gnu --enable-libstdcxx-debug --enable-libstdcxx-time=yes --enable-gnu-unique-object --enable-plugin --enable-objc-gc --disable-werror --with-arch-32=i686 --with-tune=generic --enable-checking=release --build=x86_64-linux-gnu --host=x86_64-linux-gnu --target=x86_64-linux-gnu
Thread model: posix
gcc version 4.6.4 (Ubuntu/Linaro 4.6.4-1ubuntu1~12.04) 
configure:4700: $? = 0
configure:4689: gcc -V >&5
gcc: error: unrecognized option '-V'
gcc: fatal error: no input files
compilation terminated.
configure:4700: $? = 4
configure:4689: gcc -qversion >&5
gcc: error: unrecognized option '-qversion'
gcc: fatal error: no input files
compilation terminated.
configure:4700: $? = 4
configure:4720: checking whether the C compiler works
configure:4742: gcc    conftest.c  >&5
configure:4746: $? = 0
configure:4794: result: yes
configure:4797: checking for C compiler default output file name
configure:4799: result: a.out
configure:4805: checking for suffix of executables
configure:4812: gcc -o conftest    conftest.c  >&5
configure:4816: $? = 0
configure:4838: result: 
configure:4860: checking whether we are cross compiling
configure:4868: gcc -o conftest    conftest.c  >&5
configure:4872: $? = 0
configure:4879: ./conftest
configure:4883: $? = 0
configure:4898: result: no
configure:4903: checking for suffix of object files
configure:4925: gcc -c   conftest.c >&5
configure:4929: $? = 0
configure:4950: result: o
configure:4954: checking whether we are using the GNU C compiler
configure:4973: gcc -c   conftest.c >&5
configure:4973: $? = 0
configure:4982: result: yes
configure:4991: checking whether gcc accepts -g
configure:5011: gcc -c -g  conftest.c >&5
configure:5011: $? = 0
configure:5052: result: yes
configure:5069: checking for gcc option to accept ISO C89
configure:5133: gcc  -c -g -O2  conftest.c >&5
configure:5133: $? = 0
configure:5146: result: none needed
configure:5166: checking for a sed that does not truncate output
configure:5230: result: /bin/sed
configure:5248: checking for grep that handles long lines and -e
configure:5306: result: /bin/grep
configure:5311: checking for egrep
configure:5373: result: /bin/grep -E
configure:5378: checking for fgrep
configure:5440: result: /bin/grep -F
configure:5475: checking for ld used by gcc
configure:5542: result: /usr/bin/ld
configure:5549: checking if the linker (/usr/bin/ld) is GNU ld
configure:5564: result: yes
configure:5576: checking for BSD- or MS-compatible name lister (nm)
configure:5625: result: /usr/bin/nm -B
configure:5755: checking the name lister (/usr/bin/nm -B) interface
configure:5762: gcc -c -g -O2  conftest.c >&5
configure:5765: /usr/bin/nm -B "conftest.o"
configure:5768: output
0000000000000000 B some_variable
configure:5775: result: BSD nm
configure:5778: checking whether ln -s works
configure:5782: result: yes
configure:5790: checking the maximum length of command line arguments
configure:5920: result: 1572864
configure:5937: checking whether the shell understands some XSI constructs
configure:5947: result: yes
configure:5951: checking whether the shell understands "+="
configure:5957: result: yes
configure:5992: checking how to convert x86_64-unknown-linux-gnu file names to x86_64-unknown-linux-gnu format
configure:6032: result: func_convert_file_noop
configure:6039: checking how to convert x86_64-unknown-linux-gnu file names to toolchain format
configure:6059: result: func_convert_file_noop
configure:6066: checking for /usr/bin/ld option to reload object files
configure:6073: result: -r
configure:6147: checking for objdump
configure:6174: result: objdump
configure:6203: checking how to recognize dependent libraries
configure:6405: result: pass_all
configure:6490: checking for dlltool
configure:6517: result: dlltool
configure:6547: checking how to associate runtime and link libraries
configure:6574: result: printf %s\n
configure:6635: checking for ar
configure:6651: found /usr/bin/ar
configure:6662: result: ar
configure:6699: checking for archiver @FILE support
configure:6716: gcc -c -g -O2  conftest.c >&5
configure:6716: $? = 0
configure:6719: ar cru libconftest.a @conftest.lst >&5
configure:6722: $? = 0
configure:6727: ar cru libconftest.a @conftest.lst >&5
ar: conftest.o: No such file or directory
configure:6730: $? = 1
configure:6742: result: @
configure:6800: checking for strip
configure:6816: found /usr/bin/strip
configure:6827: result: strip
configure:6899: checking for ranlib
configure:6915: found /usr/bin/ranlib
configure:6926: result: ranlib
configure:7003: checking for gawk
configure:7033: result: no
configure:7003: checking for mawk
configure:7019: found /usr/bin/mawk
configure:7030: result: mawk
configure:7070: checking command to parse /usr/bin/nm -B output from gcc object
configure:7190: gcc -c -g -O2  conftest.c >&5
configure:7193: $? = 0
configure:7197: /usr/bin/nm -B conftest.o \| sed -n -e 's/^.*[ ]\([ABCDGIRSTW][ABCDGIRSTW]*\)[ ][ ]*\([_A-Za-z][_A-Za-z0-9]*\)$/\1 \2 \2/p' | sed '/ __gnu_lto/d' \> conftest.nm
configure:7200: $? = 0
configure:7266: gcc -o conftest -g -O2   conftest.c conftstm.o >&5
configure:7269: $? = 0
configure:7307: result: ok
configure:7344: checking for sysroot
configure:7374: result: no
configure:7451: gcc -c -g -O2  conftest.c >&5
configure:7454: $? = 0
configure:7630: checking for mt
configure:7646: found /bin/mt
configure:7657: result: mt
configure:7680: checking if mt is a manifest tool
configure:7686: mt '-?'
configure:7694: result: no
configure:8336: checking how to run the C preprocessor
configure:8367: gcc -E  conftest.c
configure:8367: $? = 0
configure:8381: gcc -E  conftest.c
conftest.c:9:28: fatal error: ac_nonexistent.h: No such file or directory
compilation terminated.
configure:8381: $? = 1
configure: failed program was:
| /* confdefs.h */
| #define PACKAGE_NAME "expat"
| #define PACKAGE_TARNAME "expat"
| #define PACKAGE_VERSION "1.95.7"
| #define PACKAGE_STRING "expat 1.95.7"
| #define PACKAGE_BUGREPORT "expat-bugs@mail.libexpat.org"
| #define PACKAGE_URL ""
| /* end confdefs.h.  */
| #include <ac_nonexistent.h>
configure:8406: result: gcc -E
configure:8426: gcc -E  conftest.c
configure:8426: $? = 0
configure:8440: gcc -E  conftest.c
conftest.c:9:28: fatal error: ac_nonexistent.h: No such file or directory
compilation terminated.
configure:8440: $? = 1
configure: failed program was:
| /* confdefs.h */
| #define PACKAGE_NAME "expat"
| #define PACKAGE_TARNAME "expat"
| #define PACKAGE_VERSION "1.95.7"
| #define PACKAGE_STRING "expat 1.95.7"
| #define PACKAGE_BUGREPORT "expat-bugs@mail.libexpat.org"
| #define PACKAGE_URL ""
| /* end confdefs.h.  */
| #include <ac_nonexistent.h>
configure:8469: checking for ANSI C header files
configure:8489: gcc -c -g -O2  conftest.c >&5
configure:8489: $? = 0
configure:8562: gcc -o conftest -g -O2   conftest.c  >&5
configure:8562: $? = 0
configure:8562: ./conftest
configure:8562: $? = 0
configure:8573: result: yes
configure:8586: checking for sys/types.h
configure:8586: gcc -c -g -O2  conftest.c >&5
configure:8586: $? = 0
configure:8586: result: yes
configure:8586: checking for sys/stat.h
configure:8586: gcc -c -g -O2  conftest.c >&5
configure:8586: $? = 0
configure:8586: result: yes
configure:8586: checking for stdlib.h
configure:8586: gcc -c -g -O2  conftest.c >&5
configure:8586: $? = 0
configure:8586: result: yes
configure:8586: checking for string.h
configure:8586: gcc -c -g -O2  conftest.c >&5
configure:8586: $? = 0
configure:8586: result: yes
configure:8586: checking for memory.h
configure:8586: gcc -c -g -O2  conftest.c >&5
configure:8586: $? = 0
configure:8586: result: yes
configure:8586: checking for strings.h
configure:8586: gcc -c -g -O2  conftest.c >&5
configure:8586: $? = 0
configure:8586: result: yes
configure:8586: checking for inttypes.h
configure:8586: gcc -c -g -O2  conftest.c >&5
configure:8586: $? = 0
configure:8586: result: yes
configure:8586: checking for stdint.h
configure:8586: gcc -c -g -O2  conftest.c >&5
configure:8586: $? = 0
configure:8586: result: yes
configure:8586: checking for unistd.h
configure:8586: gcc -c -g -O2  conftest.c >&5
configure:8586: $? = 0
configure:8586: result: yes
configure:8600: checking for dlfcn.h
configure:8600: gcc -c -g -O2  conftest.c >&5
configure:8600: $? = 0
configure:8600: result: yes
configure:8804: checking for objdir
configure:8819: result: .libs
configure:9090: checking if gcc supports -fno-rtti -fno-exceptions
configure:9108: gcc -c -g -O2  -fno-rtti -fno-exceptions conftest.c >&5
cc1: warning: command line option '-fno-rtti' is valid for C++/ObjC++ but not for C [enabled by default]
configure:9112: $? = 0
configure:9125: result: no
configure:9452: checking for gcc option to produce PIC
configure:9459: result: -fPIC -DPIC
configure:9467: checking if gcc PIC flag -fPIC -DPIC works
configure:9485: gcc -c -g -O2  -fPIC -DPIC -DPIC conftest.c >&5
configure:9489: $? = 0
configure:9502: result: yes
configure:9531: checking if gcc static flag -static works
configure:9559: result: yes
configure:9574: checking if gcc supports -c -o file.o
configure:9595: gcc -c -g -O2  -o out/conftest2.o conftest.c >&5
configure:9599: $? = 0
configure:9621: result: yes
configure:9629: checking if gcc supports -c -o file.o
configure:9676: result: yes
configure:9709: checking whether the gcc linker (/usr/bin/ld -m elf_x86_64) supports shared libraries
configure:10866: result: yes
configure:10903: checking whether -lc should be explicitly linked in
configure:10911: gcc -c -g -O2  conftest.c >&5
configure:10914: $? = 0
configure:10929: gcc -shared  -fPIC -DPIC conftest.o  -v -Wl,-soname -Wl,conftest -o conftest 2\>\&1 \| /bin/grep  -lc  \>/dev/null 2\>\&1
configure:10932: $? = 0
configure:10946: result: no
configure:11106: checking dynamic linker characteristics
configure:11617: gcc -o conftest -g -O2   -Wl,-rpath -Wl,/foo conftest.c  >&5
configure:11617: $? = 0
configure:11851: result: GNU/Linux ld.so
configure:11958: checking how to hardcode library paths into programs
configure:11983: result: immediate
configure:12523: checking whether stripping libraries is possible
configure:12528: result: yes
configure:12563: checking if libtool supports shared libraries
configure:12565: result: yes
configure:12568: checking whether to build shared libraries
configure:12589: result: yes
configure:12592: checking whether to build static libraries
configure:12596: result: yes
configure:12688: checking for gcc
configure:12715: result: gcc
configure:12944: checking for C compiler version
configure:12953: gcc --version >&5
gcc (Ubuntu/Linaro 4.6.4-1ubuntu1~12.04) 4.6.4
Copyright (C) 2011 Free Software Foundation, Inc.
This is free software; see the source for copying conditions.  There is NO
warranty; not even for MERCHANTABILITY or FITNESS FOR A PARTICULAR PURPOSE.

configure:12964: $? = 0
configure:12953: gcc -v >&5
Using built-in specs.
COLLECT_GCC=gcc
COLLECT_LTO_WRAPPER=/usr/lib/gcc/x86_64-linux-gnu/4.6/lto-wrapper
Target: x86_64-linux-gnu
Configured with: ../src/configure -v --with-pkgversion='Ubuntu/Linaro 4.6.4-1ubuntu1~12.04' --with-bugurl=file:///usr/share/doc/gcc-4.6/README.Bugs --enable-languages=c,c++,fortran,objc,obj-c++ --prefix=/usr --program-suffix=-4.6 --enable-shared --enable-linker-build-id --with-system-zlib --libexecdir=/usr/lib --without-included-gettext --enable-threads=posix --with-gxx-include-dir=/usr/include/c++/4.6 --libdir=/usr/lib --enable-nls --with-sysroot=/ --enable-clocale=gnu --enable-libstdcxx-debug --enable-libstdcxx-time=yes --enable-gnu-unique-object --enable-plugin --enable-objc-gc --disable-werror --with-arch-32=i686 --with-tune=generic --enable-checking=release --build=x86_64-linux-gnu --host=x86_64-linux-gnu --target=x86_64-linux-gnu
Thread model: posix
gcc version 4.6.4 (Ubuntu/Linaro 4.6.4-1ubuntu1~12.04) 
configure:12964: $? = 0
configure:12953: gcc -V >&5
gcc: error: unrecognized option '-V'
gcc: fatal error: no input files
compilation terminated.
configure:12964: $? = 4
configure:12953: gcc -qversion >&5
gcc: error: unrecognized option '-qversion'
gcc: fatal error: no input files
compilation terminated.
configure:12964: $? = 4
configure:12968: checking whether we are using the GNU C compiler
configure:12996: result: yes
configure:13005: checking whether gcc accepts -g
configure:13066: result: yes
configure:13083: checking for gcc option to accept ISO C89
configure:13160: result: none needed
configure:13194: checking for a BSD-compatible install
configure:13262: result: /usr/bin/install -c
configure:13274: checking for ANSI C header files
configure:13378: result: yes
configure:13388: checking whether byte ordering is bigendian
configure:13403: gcc -c -g -O2  conftest.c >&5
conftest.c:23:9: error: unknown type name 'not'
conftest.c:23:15: error: expected '=', ',', ';', 'asm' or '__attribute__' before 'universal'
conftest.c:23:15: error: unknown type name 'universal'
configure:13403: $? = 1
configure: failed program was:
| /* confdefs.h */
| #define PACKAGE_NAME "expat"
| #define PACKAGE_TARNAME "expat"
| #define PACKAGE_VERSION "1.95.7"
| #define PACKAGE_STRING "expat 1.95.7"
| #define PACKAGE_BUGREPORT "expat-bugs@mail.libexpat.org"
| #define PACKAGE_URL ""
| #define STDC_HEADERS 1
| #define HAVE_SYS_TYPES_H 1
| #define HAVE_SYS_STAT_H 1
| #define HAVE_STDLIB_H 1
| #define HAVE_STRING_H 1
| #define HAVE_MEMORY_H 1
| #define HAVE_STRINGS_H 1
| #define HAVE_INTTYPES_H 1
| #define HAVE_STDINT_H 1
| #define HAVE_UNISTD_H 1
| #define HAVE_DLFCN_H 1
| #define LT_OBJDIR ".libs/"
| #define STDC_HEADERS 1
| /* end confdefs.h.  */
| #ifndef __APPLE_CC__
| 	       not a universal capable compiler
| 	     #endif
| 	     typedef int dummy;
| 
configure:13448: gcc -c -g -O2  conftest.c >&5
configure:13448: $? = 0
configure:13466: gcc -c -g -O2  conftest.c >&5
conftest.c: In function 'main':
conftest.c:29:4: error: unknown type name 'not'
conftest.c:29:12: error: expected '=', ',', ';', 'asm' or '__attribute__' before 'endian'
configure:13466: $? = 1
configure: failed program was:
| /* confdefs.h */
| #define PACKAGE_NAME "expat"
| #define PACKAGE_TARNAME "expat"
| #define PACKAGE_VERSION "1.95.7"
| #define PACKAGE_STRING "expat 1.95.7"
| #define PACKAGE_BUGREPORT "expat-bugs@mail.libexpat.org"
| #define PACKAGE_URL ""
| #define STDC_HEADERS 1
| #define HAVE_SYS_TYPES_H 1
| #define HAVE_SYS_STAT_H 1
| #define HAVE_STDLIB_H 1
| #define HAVE_STRING_H 1
| #define HAVE_MEMORY_H 1
| #define HAVE_STRINGS_H 1
| #define HAVE_INTTYPES_H 1
| #define HAVE_STDINT_H 1
| #define HAVE_UNISTD_H 1
| #define HAVE_DLFCN_H 1
| #define LT_OBJDIR ".libs/"
| #define STDC_HEADERS 1
| /* end confdefs.h.  */
| #include <sys/types.h>
| 		#include <sys/param.h>
| 
| int
| main ()
| {
| #if BYTE_ORDER != BIG_ENDIAN
| 		 not big endian
| 		#endif
| 
|   ;
|   return 0;
| }
configure:13594: result: no
configure:13617: checking for an ANSI C-conforming const
configure:13682: gcc -c -g -O2  conftest.c >&5
configure:13682: $? = 0
configure:13689: result: yes
configure:13697: checking for size_t
configure:13697: gcc -c -g -O2  conftest.c >&5
configure:13697: $? = 0
configure:13697: gcc -c -g -O2  conftest.c >&5
conftest.c: In function 'main':
conftest.c:58:21: error: expected expression before ')' token
configure:13697: $? = 1
configure: failed program was:
| /* confdefs.h */
| #define PACKAGE_NAME "expat"
| #define PACKAGE_TARNAME "expat"
| #define PACKAGE_VERSION "1.95.7"
| #define PACKAGE_STRING "expat 1.95.7"
| #define PACKAGE_BUGREPORT "expat-bugs@mail.libexpat.org"
| #define PACKAGE_URL ""
| #define STDC_HEADERS 1
| #define HAVE_SYS_TYPES_H 1
| #define HAVE_SYS_STAT_H 1
| #define HAVE_STDLIB_H 1
| #define HAVE_STRING_H 1
| #define HAVE_MEMORY_H 1
| #define HAVE_STRINGS_H 1
| #define HAVE_INTTYPES_H 1
| #define HAVE_STDINT_H 1
| #define HAVE_UNISTD_H 1
| #define HAVE_DLFCN_H 1
| #define LT_OBJDIR ".libs/"
| #define STDC_HEADERS 1
| /* end confdefs.h.  */
| #include <stdio.h>
| #ifdef HAVE_SYS_TYPES_H
| # include <sys/types.h>
| #endif
| #ifdef HAVE_SYS_STAT_H
| # include <sys/stat.h>
| #endif
| #ifdef STDC_HEADERS
| # include <stdlib.h>
| # include <stddef.h>
| #else
| # ifdef HAVE_STDLIB_H
| #  include <stdlib.h>
| # endif
| #endif
| #ifdef HAVE_STRING_H
| # if !defined STDC_HEADERS && defined HAVE_MEMORY_H
| #  include <memory.h>
| # endif
| # include <string.h>
| #endif
| #ifdef HAVE_STRINGS_H
| # include <strings.h>
| #endif
| #ifdef HAVE_INTTYPES_H
| # include <inttypes.h>
| #endif
| #ifdef HAVE_STDINT_H
| # include <stdint.h>
| #endif
| #ifdef HAVE_UNISTD_H
| # include <unistd.h>
| #endif
| int
| main ()
| {
| if (sizeof ((size_t)))
| 	    return 0;
|   ;
|   return 0;
| }
configure:13697: result: yes
configure:13711: checking for memmove
configure:13711: gcc -o conftest -g -O2   conftest.c  >&5
conftest.c:45:6: warning: conflicting types for built-in function 'memmove' [enabled by default]
configure:13711: $? = 0
configure:13711: result: yes
configure:13711: checking for bcopy
configure:13711: gcc -o conftest -g -O2   conftest.c  >&5
conftest.c:46:6: warning: conflicting types for built-in function 'bcopy' [enabled by default]
configure:13711: $? = 0
configure:13711: result: yes
configure:13723: checking check.h usability
configure:13723: gcc -c -g -O2  conftest.c >&5
conftest.c:57:19: fatal error: check.h: No such file or directory
compilation terminated.
configure:13723: $? = 1
configure: failed program was:
| /* confdefs.h */
| #define PACKAGE_NAME "expat"
| #define PACKAGE_TARNAME "expat"
| #define PACKAGE_VERSION "1.95.7"
| #define PACKAGE_STRING "expat 1.95.7"
| #define PACKAGE_BUGREPORT "expat-bugs@mail.libexpat.org"
| #define PACKAGE_URL ""
| #define STDC_HEADERS 1
| #define HAVE_SYS_TYPES_H 1
| #define HAVE_SYS_STAT_H 1
| #define HAVE_STDLIB_H 1
| #define HAVE_STRING_H 1
| #define HAVE_MEMORY_H 1
| #define HAVE_STRINGS_H 1
| #define HAVE_INTTYPES_H 1
| #define HAVE_STDINT_H 1
| #define HAVE_UNISTD_H 1
| #define HAVE_DLFCN_H 1
| #define LT_OBJDIR ".libs/"
| #define STDC_HEADERS 1
| #define HAVE_MEMMOVE 1
| #define HAVE_BCOPY 1
| /* end confdefs.h.  */
| #include <stdio.h>
| #ifdef HAVE_SYS_TYPES_H
| # include <sys/types.h>
| #endif
| #ifdef HAVE_SYS_STAT_H
| # include <sys/stat.h>
| #endif
| #ifdef STDC_HEADERS
| # include <stdlib.h>
| # include <stddef.h>
| #else
| # ifdef HAVE_STDLIB_H
| #  include <stdlib.h>
| # endif
| #endif
| #ifdef HAVE_STRING_H
| # if !defined STDC_HEADERS && defined HAVE_MEMORY_H
| #  include <memory.h>
| # endif
| # include <string.h>
| #endif
| #ifdef HAVE_STRINGS_H
| # include <strings.h>
| #endif
| #ifdef HAVE_INTTYPES_H
| # include <inttypes.h>
| #endif
| #ifdef HAVE_STDINT_H
| # include <stdint.h>
| #endif
| #ifdef HAVE_UNISTD_H
| # include <unistd.h>
| #endif
| #include <check.h>
configure:13723: result: no
configure:13723: checking check.h presence
configure:13723: gcc -E  conftest.c
conftest.c:24:19: fatal error: check.h: No such file or directory
compilation terminated.
configure:13723: $? = 1
configure: failed program was:
| /* confdefs.h */
| #define PACKAGE_NAME "expat"
| #define PACKAGE_TARNAME "expat"
| #define PACKAGE_VERSION "1.95.7"
| #define PACKAGE_STRING "expat 1.95.7"
| #define PACKAGE_BUGREPORT "expat-bugs@mail.libexpat.org"
| #define PACKAGE_URL ""
| #define STDC_HEADERS 1
| #define HAVE_SYS_TYPES_H 1
| #define HAVE_SYS_STAT_H 1
| #define HAVE_STDLIB_H 1
| #define HAVE_STRING_H 1
| #define HAVE_MEMORY_H 1
| #define HAVE_STRINGS_H 1
| #define HAVE_INTTYPES_H 1
| #define HAVE_STDINT_H 1
| #define HAVE_UNISTD_H 1
| #define HAVE_DLFCN_H 1
| #define LT_OBJDIR ".libs/"
| #define STDC_HEADERS 1
| #define HAVE_MEMMOVE 1
| #define HAVE_BCOPY 1
| /* end confdefs.h.  */
| #include <check.h>
configure:13723: result: no
configure:13723: checking for check.h
configure:13723: result: no
configure:13861: creating ./config.status

## ---------------------- ##
## Running config.status. ##
## ---------------------- ##

This file was extended by expat config.status 1.95.7, which was
generated by GNU Autoconf 2.68.  Invocation command line was

  CONFIG_FILES    = 
  CONFIG_HEADERS  = 
  CONFIG_LINKS    = 
  CONFIG_COMMANDS = 
  $ ./config.status 

on bogdanpc

config.status:1068: creating Makefile
config.status:1068: creating expat_config.h
config.status:1257: executing libtool commands

## ---------------- ##
## Cache variables. ##
## ---------------- ##

ac_cv_build=x86_64-unknown-linux-gnu
ac_cv_c_bigendian=no
ac_cv_c_compiler_gnu=yes
ac_cv_c_const=yes
ac_cv_env_CC_set=
ac_cv_env_CC_value=
ac_cv_env_CFLAGS_set=
ac_cv_env_CFLAGS_value=
ac_cv_env_CPPFLAGS_set=
ac_cv_env_CPPFLAGS_value=
ac_cv_env_CPP_set=
ac_cv_env_CPP_value=
ac_cv_env_LDFLAGS_set=
ac_cv_env_LDFLAGS_value=
ac_cv_env_LIBS_set=
ac_cv_env_LIBS_value=
ac_cv_env_build_alias_set=
ac_cv_env_build_alias_value=
ac_cv_env_host_alias_set=
ac_cv_env_host_alias_value=
ac_cv_env_target_alias_set=
ac_cv_env_target_alias_value=
ac_cv_func_bcopy=yes
ac_cv_func_memmove=yes
ac_cv_header_check_h=no
ac_cv_header_dlfcn_h=yes
ac_cv_header_inttypes_h=yes
ac_cv_header_memory_h=yes
ac_cv_header_stdc=yes
ac_cv_header_stdint_h=yes
ac_cv_header_stdlib_h=yes
ac_cv_header_string_h=yes
ac_cv_header_strings_h=yes
ac_cv_header_sys_stat_h=yes
ac_cv_header_sys_types_h=yes
ac_cv_header_unistd_h=yes
ac_cv_host=x86_64-unknown-linux-gnu
ac_cv_objext=o
ac_cv_path_EGREP='/bin/grep -E'
ac_cv_path_FGREP='/bin/grep -F'
ac_cv_path_GREP=/bin/grep
ac_cv_path_SED=/bin/sed
ac_cv_path_install='/usr/bin/install -c'
ac_cv_prog_AWK=mawk
ac_cv_prog_CPP='gcc -E'
ac_cv_prog_ac_ct_AR=ar
ac_cv_prog_ac_ct_CC=gcc
ac_cv_prog_ac_ct_DLLTOOL=dlltool
ac_cv_prog_ac_ct_MANIFEST_TOOL=mt
ac_cv_prog_ac_ct_OBJDUMP=objdump
ac_cv_prog_ac_ct_RANLIB=ranlib
ac_cv_prog_ac_ct_STRIP=strip
ac_cv_prog_cc_c89=
ac_cv_prog_cc_g=yes
ac_cv_target=x86_64-unknown-linux-gnu
ac_cv_type_size_t=yes
lt_cv_ar_at_file=@
lt_cv_archive_cmds_need_lc=no
lt_cv_deplibs_check_method=pass_all
lt_cv_file_magic_cmd='$MAGIC_CMD'
lt_cv_file_magic_test_file=
lt_cv_ld_reload_flag=-r
lt_cv_nm_interface='BSD nm'
lt_cv_objdir=.libs
lt_cv_path_LD=/usr/bin/ld
lt_cv_path_NM='/usr/bin/nm -B'
lt_cv_path_mainfest_tool=no
lt_cv_prog_compiler_c_o=yes
lt_cv_prog_compiler_pic='-fPIC -DPIC'
lt_cv_prog_compiler_pic_works=yes
lt_cv_prog_compiler_rtti_exceptions=no
lt_cv_prog_compiler_static_works=yes
lt_cv_prog_gnu_ld=yes
lt_cv_sharedlib_from_linklib_cmd='printf %s\n'
lt_cv_shlibpath_overrides_runpath=no
lt_cv_sys_global_symbol_pipe='sed -n -e '\''s/^.*[	 ]\([ABCDGIRSTW][ABCDGIRSTW]*\)[	 ][	 ]*\([_A-Za-z][_A-Za-z0-9]*\)$/\1 \2 \2/p'\'' | sed '\''/ __gnu_lto/d'\'''
lt_cv_sys_global_symbol_to_c_name_address='sed -n -e '\''s/^: \([^ ]*\)[ ]*$/  {\"\1\", (void *) 0},/p'\'' -e '\''s/^[ABCDGIRSTW]* \([^ ]*\) \([^ ]*\)$/  {"\2", (void *) \&\2},/p'\'''
lt_cv_sys_global_symbol_to_c_name_address_lib_prefix='sed -n -e '\''s/^: \([^ ]*\)[ ]*$/  {\"\1\", (void *) 0},/p'\'' -e '\''s/^[ABCDGIRSTW]* \([^ ]*\) \(lib[^ ]*\)$/  {"\2", (void *) \&\2},/p'\'' -e '\''s/^[ABCDGIRSTW]* \([^ ]*\) \([^ ]*\)$/  {"lib\2", (void *) \&\2},/p'\'''
lt_cv_sys_global_symbol_to_cdecl='sed -n -e '\''s/^T .* \(.*\)$/extern int \1();/p'\'' -e '\''s/^[ABCDGIRSTW]* .* \(.*\)$/extern char \1;/p'\'''
lt_cv_sys_max_cmd_len=1572864
lt_cv_to_host_file_cmd=func_convert_file_noop
lt_cv_to_tool_file_cmd=func_convert_file_noop

## ----------------- ##
## Output variables. ##
## ----------------- ##

AR='ar'
AS='as'
AWK='mawk'
CC='gcc'
CFLAGS='-g -O2'
CPP='gcc -E'
CPPFLAGS=''
DEFS='-DHAVE_CONFIG_H'
DLLTOOL='dlltool'
DSYMUTIL=''
DUMPBIN=''
ECHO_C=''
ECHO_N='-n'
ECHO_T=''
EGREP='/bin/grep -E'
EXEEXT=''
FGREP='/bin/grep -F'
GREP='/bin/grep'
INSTALL_DATA='${INSTALL} -m 644'
INSTALL_PROGRAM='${INSTALL}'
INSTALL_SCRIPT='${INSTALL}'
LD='/usr/bin/ld -m elf_x86_64'
LDFLAGS=''
LIBAGE='5'
LIBCURRENT='5'
LIBOBJS=''
LIBREVISION='0'
LIBS=''
LIBTOOL='$(SHELL) $(top_builddir)/libtool'
LIPO=''
LN_S='ln -s'
LTLIBOBJS=''
MANIFEST_TOOL=':'
NM='/usr/bin/nm -B'
NMEDIT=''
OBJDUMP='objdump'
OBJEXT='o'
OTOOL64=''
OTOOL=''
PACKAGE_BUGREPORT='expat-bugs@mail.libexpat.org'
PACKAGE_NAME='expat'
PACKAGE_STRING='expat 1.95.7'
PACKAGE_TARNAME='expat'
PACKAGE_URL=''
PACKAGE_VERSION='1.95.7'
PATH_SEPARATOR=':'
RANLIB='ranlib'
SED='/bin/sed'
SHELL='/bin/bash'
STRIP='strip'
ac_ct_AR='ar'
ac_ct_CC='gcc'
ac_ct_DUMPBIN=''
bindir='/usr/local/apache2/bin'
build='x86_64-unknown-linux-gnu'
build_alias=''
build_cpu='x86_64'
build_os='linux-gnu'
build_vendor='unknown'
datadir='${datarootdir}'
datarootdir='${prefix}/share'
docdir='${datarootdir}/doc/${PACKAGE_TARNAME}'
dvidir='${docdir}'
exec_prefix='/usr/local/apache2'
host='x86_64-unknown-linux-gnu'
host_alias=''
host_cpu='x86_64'
host_os='linux-gnu'
host_vendor='unknown'
htmldir='${docdir}'
includedir='/usr/local/apache2/include'
infodir='${datarootdir}/info'
libdir='/usr/local/apache2/lib'
libexecdir='${exec_prefix}/libexec'
localedir='${datarootdir}/locale'
localstatedir='${prefix}/var'
mandir='${datarootdir}/man'
oldincludedir='/usr/include'
pdfdir='${docdir}'
prefix='/usr/local/apache2'
program_transform_name='s,x,x,'
psdir='${docdir}'
sbindir='${exec_prefix}/sbin'
sharedstatedir='${prefix}/com'
sysconfdir='${prefix}/etc'
target='x86_64-unknown-linux-gnu'
target_alias=''
target_cpu='x86_64'
target_os='linux-gnu'
target_vendor='unknown'

## ----------- ##
## confdefs.h. ##
## ----------- ##

/* confdefs.h */
#define PACKAGE_NAME "expat"
#define PACKAGE_TARNAME "expat"
#define PACKAGE_VERSION "1.95.7"
#define PACKAGE_STRING "expat 1.95.7"
#define PACKAGE_BUGREPORT "expat-bugs@mail.libexpat.org"
#define PACKAGE_URL ""
#define STDC_HEADERS 1
#define HAVE_SYS_TYPES_H 1
#define HAVE_SYS_STAT_H 1
#define HAVE_STDLIB_H 1
#define HAVE_STRING_H 1
#define HAVE_MEMORY_H 1
#define HAVE_STRINGS_H 1
#define HAVE_INTTYPES_H 1
#define HAVE_STDINT_H 1
#define HAVE_UNISTD_H 1
#define HAVE_DLFCN_H 1
#define LT_OBJDIR ".libs/"
#define STDC_HEADERS 1
#define HAVE_MEMMOVE 1
#define HAVE_BCOPY 1
#define XML_NS 1
#define XML_DTD 1
#define XML_CONTEXT_BYTES 1024

configure: exit 0
